[35m[Appium][39m Welcome to Appium v1.22.0
[35m[Appium][39m Non-default server args:
[35m[Appium][39m   port: 58421
[35m[Appium][39m   tmpDir: C:\Users\LENOVO\AppData\Local\Temp\\Katalon\Appium\Temp1704268878186
[35m[Appium][39m   chromedriverPort: 58422
[35m[Appium][39m Deprecated server args:
[35m[Appium][39m   [31m--chromedriver-port[39m => --default-capabilities
[35m[Appium][39m Default capabilities, which will be added to each request unless overridden by desired capabilities:
[35m[Appium][39m   chromedriverPort: 58422
[35m[Appium][39m Appium REST http interface listener started on 0.0.0.0:58421
[35m[HTTP][39m [37m-->[39m [37mGET[39m [37m/wd/hub/status[39m
[35m[HTTP][39m [90m{}[39m
[debug] [35m[GENERIC][39m Calling AppiumDriver.getStatus() with args: []
[debug] [35m[GENERIC][39m Responding to client with driver.getStatus() result: {"build":{"version":"1.22.0"}}
[35m[HTTP][39m [37m<-- GET /wd/hub/status [39m[32m200[39m [90m5 ms - 68[39m
[35m[HTTP][39m [90m[39m
[35m[HTTP][39m [37m-->[39m [37mGET[39m [37m/wd/hub/status[39m
[35m[HTTP][39m [90m{}[39m
[debug] [35m[GENERIC][39m Calling AppiumDriver.getStatus() with args: []
[debug] [35m[GENERIC][39m Responding to client with driver.getStatus() result: {"build":{"version":"1.22.0"}}
[35m[HTTP][39m [37m<-- GET /wd/hub/status [39m[32m200[39m [90m1 ms - 68[39m
[35m[HTTP][39m [90m[39m
[35m[HTTP][39m [37m-->[39m [37mPOST[39m [37m/wd/hub/session[39m
[35m[HTTP][39m [90m{"desiredCapabilities":{"app":"C:\\Users\\LENOVO\\Downloads\\com.yoesuv.androidroom-v6(2.1.5)-production-release.apk","noReset":true,"deviceName":"emulator-5554 (sdk_gphone64_x86_64 - Android 14)","fullReset":false,"platform":"ANDROID","newCommandTimeout":1800,"platformVersion":"14","automationName":"uiautomator2","autoGrantPermissions":true,"platformName":"Android","udid":"emulator-5554","systemPort":58426},"capabilities":{"firstMatch":[{"appium:app":"C:\\Users\\LENOVO\\Downloads\\com.yoesuv.androidroom-v6(2.1.5)-production-release.apk","appium:autoGrantPermissions":true,"appium:automationName":"uiautomator2","appium:deviceName":"emulator-5554 (sdk_gphone64_x86_64 - Android 14)","appium:fullReset":false,"appium:newCommandTimeout":1800,"appium:noReset":true,"platform":"ANDROID","platformName":"android","appium:platformVersion":"14","appium:systemPort":58426,"appium:udid":"emulator-5554"}]}}[39m
[debug] [35m[W3C][39m Calling AppiumDriver.createSession() with args: [{"app":"C:\\Users\\LENOVO\\Downloads\\com.yoesuv.androidroom-v6(2.1.5)-production-release.apk","noReset":true,"deviceName":"emulator-5554 (sdk_gphone64_x86_64 - Android 14)","fullReset":false,"platform":"ANDROID","newCommandTimeout":1800,"platformVersion":"14","automationName":"uiautomator2","autoGrantPermissions":true,"platformName":"Android","udid":"emulator-5554","systemPort":58426},null,{"firstMatch":[{"appium:app":"C:\\Users\\LENOVO\\Downloads\\com.yoesuv.androidroom-v6(2.1.5)-production-release.apk","appium:autoGrantPermissions":true,"appium:automationName":"uiautomator2","appium:deviceName":"emulator-5554 (sdk_gphone64_x86_64 - Android 14)","appium:fullReset":false,"appium:newCommandTimeout":1800,"appium:noReset":true,"platform":"ANDROID","platformName":"android","appium:platformVersion":"14","appium:systemPort":58426,"appium:udid":"emulator-5554"}]}]
[debug] [35m[BaseDriver][39m Event 'newSessionRequested' logged at 1704268879350 (15:01:19 GMT+0700 (Indochina Time))
[35m[BaseDriver][39m The following capabilities are not standard capabilities and should have an extension prefix:
[35m[BaseDriver][39m   platform
[35m[BaseDriver][39m   chromedriverPort
[35m[Appium][39m Appium v1.22.0 creating new AndroidUiautomator2Driver (v1.69.0) session
[debug] [35m[BaseDriver][39m W3C capabilities and MJSONWP desired capabilities were provided
[debug] [35m[BaseDriver][39m Creating session with W3C capabilities: {
[debug] [35m[BaseDriver][39m   "alwaysMatch": {
[debug] [35m[BaseDriver][39m     "appium:platform": "ANDROID",
[debug] [35m[BaseDriver][39m     "platformName": "android",
[debug] [35m[BaseDriver][39m     "appium:chromedriverPort": 58422,
[debug] [35m[BaseDriver][39m     "appium:app": "C:\\Users\\LENOVO\\Downloads\\com.yoesuv.androidroom-v6(2.1.5)-production-release.apk",
[debug] [35m[BaseDriver][39m     "appium:autoGrantPermissions": true,
[debug] [35m[BaseDriver][39m     "appium:automationName": "uiautomator2",
[debug] [35m[BaseDriver][39m     "appium:deviceName": "emulator-5554 (sdk_gphone64_x86_64 - Android 14)",
[debug] [35m[BaseDriver][39m     "appium:fullReset": false,
[debug] [35m[BaseDriver][39m     "appium:newCommandTimeout": 1800,
[debug] [35m[BaseDriver][39m     "appium:noReset": true,
[debug] [35m[BaseDriver][39m     "appium:platformVersion": "14",
[debug] [35m[BaseDriver][39m     "appium:systemPort": 58426,
[debug] [35m[BaseDriver][39m     "appium:udid": "emulator-5554"
[debug] [35m[BaseDriver][39m   },
[debug] [35m[BaseDriver][39m   "firstMatch": [
[debug] [35m[BaseDriver][39m     {}
[debug] [35m[BaseDriver][39m   ]
[debug] [35m[BaseDriver][39m }
[35m[BaseDriver][39m The following capabilities were provided, but are not recognized by Appium:
[35m[BaseDriver][39m   platform
[35m[BaseDriver][39m Session created with session id: 91b66441-0939-4f3e-be6a-c34aaf29d255
[35m[BaseDriver][39m Using local app 'C:\Users\LENOVO\Downloads\com.yoesuv.androidroom-v6(2.1.5)-production-release.apk'
[debug] [35m[UiAutomator2][39m Checking whether app is actually present
[35m[ADB][39m Found 1 'build-tools' folders under 'C:\Users\LENOVO\.katalon\tools\android_sdk' (newest first):
[35m[ADB][39m     C:/Users/LENOVO/.katalon/tools/android_sdk/build-tools/29.0.3
[35m[ADB][39m Using 'adb.exe' from 'C:\Users\LENOVO\.katalon\tools\android_sdk\platform-tools\adb.exe'
[debug] [35m[ADB][39m Running 'C:\Users\LENOVO\.katalon\tools\android_sdk\platform-tools\adb.exe -P 5037 start-server'
[35m[AndroidDriver][39m Retrieving device list
[debug] [35m[ADB][39m Trying to find a connected android device
[debug] [35m[ADB][39m Getting connected devices
[debug] [35m[ADB][39m Connected devices: [{"udid":"emulator-5554","state":"device"}]
[35m[AndroidDriver][39m Using device: emulator-5554
[35m[ADB][39m Using 'adb.exe' from 'C:\Users\LENOVO\.katalon\tools\android_sdk\platform-tools\adb.exe'
[debug] [35m[ADB][39m Running 'C:\Users\LENOVO\.katalon\tools\android_sdk\platform-tools\adb.exe -P 5037 start-server'
[debug] [35m[ADB][39m Setting device id to emulator-5554
[debug] [35m[ADB][39m Running 'C:\Users\LENOVO\.katalon\tools\android_sdk\platform-tools\adb.exe -P 5037 -s emulator-5554 shell getprop ro.build.version.sdk'
[debug] [35m[ADB][39m Current device property 'ro.build.version.sdk': 34
[35m[ADB][39m Getting device platform version
[debug] [35m[ADB][39m Running 'C:\Users\LENOVO\.katalon\tools\android_sdk\platform-tools\adb.exe -P 5037 -s emulator-5554 shell getprop ro.build.version.release'
[debug] [35m[ADB][39m Current device property 'ro.build.version.release': 14
[debug] [35m[ADB][39m Device API level: 34
[35m[UiAutomator2][39m Relaxing hidden api policy
[debug] [35m[ADB][39m Running 'C:\Users\LENOVO\.katalon\tools\android_sdk\platform-tools\adb.exe -P 5037 -s emulator-5554 shell 'settings put global hidden_api_policy_pre_p_apps 1;settings put global hidden_api_policy_p_apps 1;settings put global hidden_api_policy 1''
[debug] [35m[AndroidDriver][39m Parsing package and activity from app manifest
[35m[ADB][39m Package name: 'com.yoesuv.androidroom'
[35m[ADB][39m Main activity name: 'com.yoesuv.androidroom.menu.task.views.MainActivity'
[debug] [35m[AndroidDriver][39m Parsed package and activity are: com.yoesuv.androidroom/com.yoesuv.androidroom.menu.task.views.MainActivity
[debug] [35m[ADB][39m Running 'C:\Users\LENOVO\.katalon\tools\android_sdk\platform-tools\adb.exe -P 5037 -s emulator-5554 wait-for-device'
[debug] [35m[ADB][39m Running 'C:\Users\LENOVO\.katalon\tools\android_sdk\platform-tools\adb.exe -P 5037 -s emulator-5554 shell echo ping'
[debug] [35m[AndroidDriver][39m Pushing settings apk to device...
[debug] [35m[ADB][39m Getting install status for io.appium.settings
[debug] [35m[ADB][39m Running 'C:\Users\LENOVO\.katalon\tools\android_sdk\platform-tools\adb.exe -P 5037 -s emulator-5554 shell dumpsys package io.appium.settings'
[debug] [35m[ADB][39m 'io.appium.settings' is installed
[debug] [35m[ADB][39m Getting package info for 'io.appium.settings'
[debug] [35m[ADB][39m Running 'C:\Users\LENOVO\.katalon\tools\android_sdk\platform-tools\adb.exe -P 5037 -s emulator-5554 shell dumpsys package io.appium.settings'
[debug] [35m[ADB][39m The version name of the installed 'io.appium.settings' is greater or equal to the application version name ('3.4.0' >= '3.4.0')
[debug] [35m[ADB][39m There is no need to install/upgrade 'C:\Users\LENOVO\AppData\Roaming\npm\node_modules\appium\node_modules\io.appium.settings\apks\settings_apk-debug.apk'
[debug] [35m[ADB][39m Getting IDs of all 'io.appium.settings' processes
[debug] [35m[ADB][39m Running 'C:\Users\LENOVO\.katalon\tools\android_sdk\platform-tools\adb.exe -P 5037 -s emulator-5554 shell 'pgrep --help; echo $?''
[debug] [35m[ADB][39m Running 'C:\Users\LENOVO\.katalon\tools\android_sdk\platform-tools\adb.exe -P 5037 -s emulator-5554 shell pgrep -f \(\[\[:blank:\]\]\|\^\)io\.appium\.settings\(\[\[:blank:\]\]\|\$\)'
[debug] [35m[AndroidDriver][39m io.appium.settings is already running. There is no need to reset its permissions.
[debug] [35m[Logcat][39m Starting logs capture with command: C:\\Users\\LENOVO\\.katalon\\tools\\android_sdk\\platform-tools\\adb.exe -P 5037 -s emulator-5554 logcat -v threadtime
[debug] [35m[UiAutomator2][39m Forwarding UiAutomator2 Server port 6790 to local port 58426
[debug] [35m[ADB][39m Forwarding system: 58426 to device: 6790
[debug] [35m[ADB][39m Running 'C:\Users\LENOVO\.katalon\tools\android_sdk\platform-tools\adb.exe -P 5037 -s emulator-5554 forward tcp:58426 tcp:6790'
[debug] [35m[ADB][39m Getting install status for io.appium.uiautomator2.server
[debug] [35m[ADB][39m Running 'C:\Users\LENOVO\.katalon\tools\android_sdk\platform-tools\adb.exe -P 5037 -s emulator-5554 shell dumpsys package io.appium.uiautomator2.server'
[debug] [35m[ADB][39m 'io.appium.uiautomator2.server' is installed
[debug] [35m[ADB][39m Getting package info for 'io.appium.uiautomator2.server'
[debug] [35m[ADB][39m Running 'C:\Users\LENOVO\.katalon\tools\android_sdk\platform-tools\adb.exe -P 5037 -s emulator-5554 shell dumpsys package io.appium.uiautomator2.server'
[debug] [35m[ADB][39m The version name of the installed 'io.appium.uiautomator2.server' is greater or equal to the application version name ('4.24.0' >= '4.24.0')
[debug] [35m[UiAutomator2][39m io.appium.uiautomator2.server installation state: sameVersionInstalled
[debug] [35m[ADB][39m Checking app cert for C:\Users\LENOVO\AppData\Roaming\npm\node_modules\appium\node_modules\appium-uiautomator2-server\apks\appium-uiautomator2-server-v4.24.0.apk
[35m[ADB][39m Using 'apksigner.jar' from 'C:\Users\LENOVO\.katalon\tools\android_sdk\build-tools\29.0.3\lib\apksigner.jar'
[debug] [35m[ADB][39m Starting apksigner: C:\\Users\\LENOVO\\.katalon\\packages\\Katalon_Studio_Windows_64-8.6.8\\Katalon_Studio_Windows_64-8.6.8\\jre\\bin\\java.exe -Xmx1024M -Xss1m -jar C:\\Users\\LENOVO\\.katalon\\tools\\android_sdk\\build-tools\\29.0.3\\lib\\apksigner.jar verify --print-certs C:\\Users\\LENOVO\\AppData\\Roaming\\npm\\node_modules\\appium\\node_modules\\appium-uiautomator2-server\\apks\\appium-uiautomator2-server-v4.24.0.apk
[debug] [35m[ADB][39m apksigner stdout: Signer #1 certificate DN: EMAILADDRESS=android@android.com, CN=Android, OU=Android, O=Android, L=Mountain View, ST=California, C=US
[debug] [35m[ADB][39m Signer #1 certificate SHA-256 digest: a40da80a59d170caa950cf15c18c454d47a39b26989d8b640ecd745ba71bf5dc
[debug] [35m[ADB][39m Signer #1 certificate SHA-1 digest: 61ed377e85d386a8dfee6b864bd85b0bfaa5af81
[debug] [35m[ADB][39m Signer #1 certificate MD5 digest: e89b158e4bcf988ebd09eb83f5378e87
[debug] [35m[ADB][39m 
[debug] [35m[ADB][39m sha256 hash did match for 'appium-uiautomator2-server-v4.24.0.apk'
[35m[ADB][39m 'C:\Users\LENOVO\AppData\Roaming\npm\node_modules\appium\node_modules\appium-uiautomator2-server\apks\appium-uiautomator2-server-v4.24.0.apk' is signed with the default certificate
[debug] [35m[ADB][39m Getting install status for io.appium.uiautomator2.server.test
[debug] [35m[ADB][39m Running 'C:\Users\LENOVO\.katalon\tools\android_sdk\platform-tools\adb.exe -P 5037 -s emulator-5554 shell dumpsys package io.appium.uiautomator2.server.test'
[debug] [35m[ADB][39m 'io.appium.uiautomator2.server.test' is installed
[debug] [35m[ADB][39m Checking app cert for C:\Users\LENOVO\AppData\Roaming\npm\node_modules\appium\node_modules\appium-uiautomator2-server\apks\appium-uiautomator2-server-debug-androidTest.apk
[debug] [35m[ADB][39m Starting apksigner: C:\\Users\\LENOVO\\.katalon\\packages\\Katalon_Studio_Windows_64-8.6.8\\Katalon_Studio_Windows_64-8.6.8\\jre\\bin\\java.exe -Xmx1024M -Xss1m -jar C:\\Users\\LENOVO\\.katalon\\tools\\android_sdk\\build-tools\\29.0.3\\lib\\apksigner.jar verify --print-certs C:\\Users\\LENOVO\\AppData\\Roaming\\npm\\node_modules\\appium\\node_modules\\appium-uiautomator2-server\\apks\\appium-uiautomator2-server-debug-androidTest.apk
[debug] [35m[ADB][39m apksigner stdout: Signer #1 certificate DN: EMAILADDRESS=android@android.com, CN=Android, OU=Android, O=Android, L=Mountain View, ST=California, C=US
[debug] [35m[ADB][39m Signer #1 certificate SHA-256 digest: a40da80a59d170caa950cf15c18c454d47a39b26989d8b640ecd745ba71bf5dc
[debug] [35m[ADB][39m Signer #1 certificate SHA-1 digest: 61ed377e85d386a8dfee6b864bd85b0bfaa5af81
[debug] [35m[ADB][39m Signer #1 certificate MD5 digest: e89b158e4bcf988ebd09eb83f5378e87
[debug] [35m[ADB][39m 
[debug] [35m[ADB][39m sha256 hash did match for 'appium-uiautomator2-server-debug-androidTest.apk'
[35m[ADB][39m 'C:\Users\LENOVO\AppData\Roaming\npm\node_modules\appium\node_modules\appium-uiautomator2-server\apks\appium-uiautomator2-server-debug-androidTest.apk' is signed with the default certificate
[35m[UiAutomator2][39m Server packages are not going to be (re)installed
[debug] [35m[UiAutomator2][39m Waiting up to 30000ms for services to be available
[debug] [35m[ADB][39m Running 'C:\Users\LENOVO\.katalon\tools\android_sdk\platform-tools\adb.exe -P 5037 -s emulator-5554 shell pm list instrumentation'
[debug] [35m[UiAutomator2][39m Instrumentation target 'io.appium.uiautomator2.server.test/androidx.test.runner.AndroidJUnitRunner' is available
[35m[ADB][39m Adding packages ["io.appium.settings","io.appium.uiautomator2.server","io.appium.uiautomator2.server.test"] to Doze whitelist
[debug] [35m[ADB][39m Got the following command chunks to execute: [["dumpsys","deviceidle","whitelist","+io.appium.settings",";","dumpsys","deviceidle","whitelist","+io.appium.uiautomator2.server",";","dumpsys","deviceidle","whitelist","+io.appium.uiautomator2.server.test",";"]]
[debug] [35m[ADB][39m Running 'C:\Users\LENOVO\.katalon\tools\android_sdk\platform-tools\adb.exe -P 5037 -s emulator-5554 shell dumpsys deviceidle whitelist +io.appium.settings ; dumpsys deviceidle whitelist +io.appium.uiautomator2.server ; dumpsys deviceidle whitelist +io.appium.uiautomator2.server.test ;'
[debug] [35m[ADB][39m Checking app cert for C:\Users\LENOVO\Downloads\com.yoesuv.androidroom-v6(2.1.5)-production-release.apk
[debug] [35m[ADB][39m Starting apksigner: C:\\Users\\LENOVO\\.katalon\\packages\\Katalon_Studio_Windows_64-8.6.8\\Katalon_Studio_Windows_64-8.6.8\\jre\\bin\\java.exe -Xmx1024M -Xss1m -jar C:\\Users\\LENOVO\\.katalon\\tools\\android_sdk\\build-tools\\29.0.3\\lib\\apksigner.jar verify --print-certs C:\\Users\\LENOVO\\Downloads\\com.yoesuv.androidroom-v6\(2.1.5\)-production-release.apk
[debug] [35m[ADB][39m apksigner stdout: Signer #1 certificate DN: CN=Yusuf Saifudin, OU=Boyo Inc., O=Boyo Inc., L=Caruban, ST=East Java, C=CRB
[debug] [35m[ADB][39m Signer #1 certificate SHA-256 digest: 7d6bfb82cde2af189699c9f6116f50b86b8f66ce2068cdf2a822475e50a62de0
[debug] [35m[ADB][39m Signer #1 certificate SHA-1 digest: d25a0a5fc12033710a355d53eb7dd152d2fa1701
[debug] [35m[ADB][39m Signer #1 certificate MD5 digest: 59561c0ba33a8c195e3cd44df8144cc3
[debug] [35m[ADB][39m 
[35m[ADB][39m 'C:\Users\LENOVO\Downloads\com.yoesuv.androidroom-v6(2.1.5)-production-release.apk' is signed with a non-default certificate
[debug] [35m[ADB][39m Getting install status for com.yoesuv.androidroom
[debug] [35m[ADB][39m Running 'C:\Users\LENOVO\.katalon\tools\android_sdk\platform-tools\adb.exe -P 5037 -s emulator-5554 shell dumpsys package com.yoesuv.androidroom'
[debug] [35m[ADB][39m 'com.yoesuv.androidroom' is not installed
[debug] [35m[ADB][39m App 'C:\Users\LENOVO\Downloads\com.yoesuv.androidroom-v6(2.1.5)-production-release.apk' is not installed
[debug] [35m[ADB][39m Installing 'C:\Users\LENOVO\Downloads\com.yoesuv.androidroom-v6(2.1.5)-production-release.apk'
[debug] [35m[ADB][39m Running 'C:\Users\LENOVO\.katalon\tools\android_sdk\platform-tools\adb.exe -P 5037 -s emulator-5554 help'
[debug] [35m[ADB][39m Running 'C:\Users\LENOVO\.katalon\tools\android_sdk\platform-tools\adb.exe -P 5037 -s emulator-5554 features'
[35m[ADB][39m The application at 'C:\Users\LENOVO\Downloads\com.yoesuv.androidroom-v6(2.1.5)-production-release.apk' will not be cached, because the device under test has confirmed the support of streamed installs
[debug] [35m[ADB][39m Running 'C:\Users\LENOVO\.katalon\tools\android_sdk\platform-tools\adb.exe -P 5037 -s emulator-5554 install -g C:\Users\LENOVO\Downloads\com.yoesuv.androidroom-v6(2.1.5)-production-release.apk'
[35m[ADB][39m The installation of 'com.yoesuv.androidroom-v6(2.1.5)-production-release.apk' took 554ms
[debug] [35m[ADB][39m Install command stdout: Performing Streamed Install
[debug] [35m[ADB][39m Success
[debug] [35m[UiAutomator2][39m Performing shallow cleanup of automation leftovers
[debug] [35m[UiAutomator2][39m No obsolete sessions have been detected (socket hang up)
[debug] [35m[ADB][39m Running 'C:\Users\LENOVO\.katalon\tools\android_sdk\platform-tools\adb.exe -P 5037 -s emulator-5554 shell am force-stop io.appium.uiautomator2.server.test'
[35m[UiAutomator2][39m Starting UIAutomator2 server 4.24.0
[35m[UiAutomator2][39m Using UIAutomator2 server from 'C:\Users\LENOVO\AppData\Roaming\npm\node_modules\appium\node_modules\appium-uiautomator2-server\apks\appium-uiautomator2-server-v4.24.0.apk' and test from 'C:\Users\LENOVO\AppData\Roaming\npm\node_modules\appium\node_modules\appium-uiautomator2-server\apks\appium-uiautomator2-server-debug-androidTest.apk'
[35m[UiAutomator2][39m Waiting up to 30000ms for UiAutomator2 to be online...
[debug] [35m[ADB][39m Creating ADB subprocess with args: ["-P",5037,"-s","emulator-5554","shell","am","instrument","-w","-e","disableAnalytics",true,"io.appium.uiautomator2.server.test/androidx.test.runner.AndroidJUnitRunner"]
[debug] [35m[WD Proxy][39m Matched '/status' to command name 'getStatus'
[debug] [35m[WD Proxy][39m Proxying [GET /status] to [GET http://127.0.0.1:58426/wd/hub/status] with no body
[35m[WD Proxy][39m socket hang up
[debug] [35m[Instrumentation][39m io.appium.uiautomator2.server.test.AppiumUiAutomator2Server:
[debug] [35m[WD Proxy][39m Matched '/status' to command name 'getStatus'
[debug] [35m[WD Proxy][39m Proxying [GET /status] to [GET http://127.0.0.1:58426/wd/hub/status] with no body
[35m[WD Proxy][39m socket hang up
[debug] [35m[WD Proxy][39m Matched '/status' to command name 'getStatus'
[debug] [35m[WD Proxy][39m Proxying [GET /status] to [GET http://127.0.0.1:58426/wd/hub/status] with no body
[35m[WD Proxy][39m socket hang up
[debug] [35m[WD Proxy][39m Matched '/status' to command name 'getStatus'
[debug] [35m[WD Proxy][39m Proxying [GET /status] to [GET http://127.0.0.1:58426/wd/hub/status] with no body
[debug] [35m[WD Proxy][39m Got response with status 200: {"sessionId":"None","value":{"message":"UiAutomator2 Server is ready to accept commands","ready":true}}
[debug] [35m[UiAutomator2][39m The initialization of the instrumentation process took 3165ms
[debug] [35m[WD Proxy][39m Matched '/session' to command name 'createSession'
[debug] [35m[WD Proxy][39m Proxying [POST /session] to [POST http://127.0.0.1:58426/wd/hub/session] with body: {"capabilities":{"firstMatch":[{"platform":"ANDROID","webStorageEnabled":false,"takesScreenshot":true,"javascriptEnabled":true,"databaseEnabled":false,"networkConnectionEnabled":true,"locationContextEnabled":false,"warnings":{},"desired":{"platformName":"android","platform":"ANDROID","chromedriverPort":58422,"app":"C:\\Users\\LENOVO\\Downloads\\com.yoesuv.androidroom-v6(2.1.5)-production-release.apk","autoGrantPermissions":true,"automationName":"uiautomator2","deviceName":"emulator-5554 (sdk_gphone64_x86_64 - Android 14)","fullReset":false,"newCommandTimeout":1800,"noReset":true,"platformVersion":"14","systemPort":58426,"udid":"emulator-5554"},"platformName":"android","chromedriverPort":58422,"app":"C:\\Users\\LENOVO\\Downloads\\com.yoesuv.androidroom-v6(2.1.5)-production-release.apk","autoGrantPermissions":true,"automationName":"uiautomator2","deviceName":"emulator-5554","fullReset":false,"newCommandTimeout":1800,"noReset":true,"platformVersion":"14","systemPort":58426,"udid":"emulator-5554","deviceUDID":...
[debug] [35m[WD Proxy][39m Got response with status 200: {"sessionId":"e20ee8e7-b682-4276-8509-c45c818e9539","value":{"capabilities":{"firstMatch":[{"platform":"ANDROID","webStorageEnabled":false,"takesScreenshot":true,"javascriptEnabled":true,"databaseEnabled":false,"networkConnectionEnabled":true,"locationContextEnabled":false,"warnings":{},"desired":{"platformName":"android","platform":"ANDROID","chromedriverPort":58422,"app":"C:\\Users\\LENOVO\\Downloads\\com.yoesuv.androidroom-v6(2.1.5)-production-release.apk","autoGrantPermissions":true,"automationName":"uiautomator2","deviceName":"emulator-5554 (sdk_gphone64_x86_64 - Android 14)","fullReset":false,"newCommandTimeout":1800,"noReset":true,"platformVersion":"14","systemPort":58426,"udid":"emulator-5554"},"platformName":"android","chromedriverPort":58422,"app":"C:\\Users\\LENOVO\\Downloads\\com.yoesuv.androidroom-v6(2.1.5)-production-release.apk","autoGrantPermissions":true,"automationName":"uiautomator2","deviceName":"emulator-5554","fullReset":false,"newCommandTimeout":1800,"noReset":true,"platformVersion":...
[35m[WD Proxy][39m Determined the downstream protocol as 'W3C'
[debug] [35m[WD Proxy][39m Proxying [GET /appium/device/info] to [GET http://127.0.0.1:58426/wd/hub/session/e20ee8e7-b682-4276-8509-c45c818e9539/appium/device/info] with no body
[debug] [35m[WD Proxy][39m Got response with status 200: {"sessionId":"e20ee8e7-b682-4276-8509-c45c818e9539","value":{"androidId":"5b8a907f45eec7bc","apiVersion":"34","bluetooth":{"state":"ON"},"brand":"google","carrierName":"T-Mobile","displayDensity":440,"locale":"en_US","manufacturer":"Google","model":"sdk_gphone64_x86_64","networks":[{"capabilities":{"SSID":null,"linkDownBandwidthKbps":30000,"linkUpstreamBandwidthKbps":12000,"networkCapabilities":"NET_CAPABILITY_NOT_METERED,NET_CAPABILITY_INTERNET,NET_CAPABILITY_NOT_RESTRICTED,NET_CAPABILITY_TRUSTED,NET_CAPABILITY_NOT_VPN,NET_CAPABILITY_VALIDATED,NET_CAPABILITY_NOT_ROAMING,NET_CAPABILITY_FOREGROUND,NET_CAPABILITY_NOT_CONGESTED,NET_CAPABILITY_NOT_SUSPENDED","signalStrength":-50,"transportTypes":"TRANSPORT_WIFI"},"detailedState":"CONNECTED","extraInfo":"","isAvailable":true,"isConnected":true,"isFailover":false,"isRoaming":false,"state":"CONNECTED","subtype":-1,"subtypeName":"","type":1,"typeName":"WIFI"},{"capabilities":{"SSID":null,"linkDownBandwidthKbps":30000,"linkUpstreamBandwidthKbps":15000,"networkCapab...
[debug] [35m[ADB][39m Running 'C:\Users\LENOVO\.katalon\tools\android_sdk\platform-tools\adb.exe -P 5037 -s emulator-5554 shell dumpsys window'
[35m[AndroidDriver][39m Screen already unlocked, doing nothing
[35m[UiAutomator2][39m Starting 'com.yoesuv.androidroom/com.yoesuv.androidroom.menu.task.views.MainActivity and waiting for 'com.yoesuv.androidroom/com.yoesuv.androidroom.menu.task.views.MainActivity'
[debug] [35m[ADB][39m Running 'C:\Users\LENOVO\.katalon\tools\android_sdk\platform-tools\adb.exe -P 5037 -s emulator-5554 shell am start -W -n com.yoesuv.androidroom/com.yoesuv.androidroom.menu.task.views.MainActivity -S -a android.intent.action.MAIN -c android.intent.category.LAUNCHER -f 0x10200000'
[debug] [35m[ADB][39m Waiting up to 20000ms for activity matching pkg: 'com.yoesuv.androidroom' and activity: 'com.yoesuv.androidroom.menu.task.views.MainActivity' to be focused
[debug] [35m[ADB][39m Possible activities, to be checked: 'com.yoesuv.androidroom.menu.task.views.MainActivity', 'com.yoesuv.androidroom.com.yoesuv.androidroom.menu.task.views.MainActivity'
[debug] [35m[ADB][39m Getting focused package and activity
[debug] [35m[ADB][39m Running 'C:\Users\LENOVO\.katalon\tools\android_sdk\platform-tools\adb.exe -P 5037 -s emulator-5554 shell dumpsys window displays'
[debug] [35m[ADB][39m Found package: 'com.yoesuv.androidroom' and fully qualified activity name : 'com.yoesuv.androidroom.menu.task.views.MainActivity'
[debug] [35m[WD Proxy][39m Proxying [GET /appium/device/pixel_ratio] to [GET http://127.0.0.1:58426/wd/hub/session/e20ee8e7-b682-4276-8509-c45c818e9539/appium/device/pixel_ratio] with no body
[debug] [35m[WD Proxy][39m Got response with status 200: {"sessionId":"e20ee8e7-b682-4276-8509-c45c818e9539","value":2.75}
[debug] [35m[WD Proxy][39m Matched '/appium/device/system_bars' to command name 'getSystemBars'
[debug] [35m[WD Proxy][39m Proxying [GET /appium/device/system_bars] to [GET http://127.0.0.1:58426/wd/hub/session/e20ee8e7-b682-4276-8509-c45c818e9539/appium/device/system_bars] with no body
[debug] [35m[WD Proxy][39m Got response with status 200: {"sessionId":"e20ee8e7-b682-4276-8509-c45c818e9539","value":{"statusBar":66}}
[debug] [35m[WD Proxy][39m Matched '/window/current/size' to command name 'getWindowSize'
[debug] [35m[WD Proxy][39m Proxying [GET /window/current/size] to [GET http://127.0.0.1:58426/wd/hub/session/e20ee8e7-b682-4276-8509-c45c818e9539/window/current/size] with no body
[debug] [35m[WD Proxy][39m Got response with status 200: {"sessionId":"e20ee8e7-b682-4276-8509-c45c818e9539","value":{"height":2154,"width":1080}}
[35m[Appium][39m New AndroidUiautomator2Driver session created successfully, session 91b66441-0939-4f3e-be6a-c34aaf29d255 added to master session list
[debug] [35m[BaseDriver][39m Event 'newSessionStarted' logged at 1704268886287 (15:01:26 GMT+0700 (Indochina Time))
[debug] [35m[W3C (91b66441)][39m Cached the protocol value 'W3C' for the new session 91b66441-0939-4f3e-be6a-c34aaf29d255
[debug] [35m[W3C (91b66441)][39m Responding to client with driver.createSession() result: {"capabilities":{"platform":"ANDROID","webStorageEnabled":false,"takesScreenshot":true,"javascriptEnabled":true,"databaseEnabled":false,"networkConnectionEnabled":true,"locationContextEnabled":false,"warnings":{},"desired":{"platformName":"android","platform":"ANDROID","chromedriverPort":58422,"app":"C:\\Users\\LENOVO\\Downloads\\com.yoesuv.androidroom-v6(2.1.5)-production-release.apk","autoGrantPermissions":true,"automationName":"uiautomator2","deviceName":"emulator-5554 (sdk_gphone64_x86_64 - Android 14)","fullReset":false,"newCommandTimeout":1800,"noReset":true,"platformVersion":"14","systemPort":58426,"udid":"emulator-5554"},"platformName":"android","chromedriverPort":58422,"app":"C:\\Users\\LENOVO\\Downloads\\com.yoesuv.androidroom-v6(2.1.5)-production-release.apk","autoGrantPermissions":true,"automationName":"uiautomator2","deviceName":"emulator-5554","fullReset":false,"newCommandTimeout":1800,"noReset":true,"platformVersion":"14","systemPort":58426,"udid":"emulator-5554","deviceUDID":"emulator-5554"...
[35m[HTTP][39m [37m<-- POST /wd/hub/session [39m[32m200[39m [90m6939 ms - 1364[39m
[35m[HTTP][39m [90m[39m
[35m[HTTP][39m [37m-->[39m [37mGET[39m [37m/wd/hub/session/91b66441-0939-4f3e-be6a-c34aaf29d255[39m
[35m[HTTP][39m [90m{}[39m
[debug] [35m[W3C (91b66441)][39m Calling AppiumDriver.getSession() with args: ["91b66441-0939-4f3e-be6a-c34aaf29d255"]
[debug] [35m[UiAutomator2][39m Getting session details from server to mix in
[debug] [35m[WD Proxy][39m Matched '/' to command name 'getSession'
[debug] [35m[WD Proxy][39m Proxying [GET /] to [GET http://127.0.0.1:58426/wd/hub/session/e20ee8e7-b682-4276-8509-c45c818e9539] with no body
[debug] [35m[WD Proxy][39m Got response with status 200: {"sessionId":"e20ee8e7-b682-4276-8509-c45c818e9539","value":{"lastScrollData":null}}
[debug] [35m[W3C (91b66441)][39m Responding to client with driver.getSession() result: {"platform":"ANDROID","webStorageEnabled":false,"takesScreenshot":true,"javascriptEnabled":true,"databaseEnabled":false,"networkConnectionEnabled":true,"locationContextEnabled":false,"warnings":{},"desired":{"platformName":"android","platform":"ANDROID","chromedriverPort":58422,"app":"C:\\Users\\LENOVO\\Downloads\\com.yoesuv.androidroom-v6(2.1.5)-production-release.apk","autoGrantPermissions":true,"automationName":"uiautomator2","deviceName":"emulator-5554 (sdk_gphone64_x86_64 - Android 14)","fullReset":false,"newCommandTimeout":1800,"noReset":true,"platformVersion":"14","systemPort":58426,"udid":"emulator-5554"},"platformName":"android","chromedriverPort":58422,"app":"C:\\Users\\LENOVO\\Downloads\\com.yoesuv.androidroom-v6(2.1.5)-production-release.apk","autoGrantPermissions":true,"automationName":"uiautomator2","deviceName":"emulator-5554","fullReset":false,"newCommandTimeout":1800,"noReset":true,"platformVersion":"14","systemPort":58426,"udid":"emulator-5554","deviceUDID":"emulator-5554","appPackage":"c...
[35m[HTTP][39m [37m<-- GET /wd/hub/session/91b66441-0939-4f3e-be6a-c34aaf29d255 [39m[32m200[39m [90m20 ms - 1318[39m
[35m[HTTP][39m [90m[39m
[35m[HTTP][39m [37m-->[39m [37mGET[39m [37m/wd/hub/session/91b66441-0939-4f3e-be6a-c34aaf29d255[39m
[35m[HTTP][39m [90m{}[39m
[debug] [35m[W3C (91b66441)][39m Calling AppiumDriver.getSession() with args: ["91b66441-0939-4f3e-be6a-c34aaf29d255"]
[debug] [35m[UiAutomator2][39m Getting session details from server to mix in
[debug] [35m[WD Proxy][39m Matched '/' to command name 'getSession'
[debug] [35m[WD Proxy][39m Proxying [GET /] to [GET http://127.0.0.1:58426/wd/hub/session/e20ee8e7-b682-4276-8509-c45c818e9539] with no body
[debug] [35m[WD Proxy][39m Got response with status 200: {"sessionId":"e20ee8e7-b682-4276-8509-c45c818e9539","value":{"lastScrollData":null}}
[debug] [35m[W3C (91b66441)][39m Responding to client with driver.getSession() result: {"platform":"ANDROID","webStorageEnabled":false,"takesScreenshot":true,"javascriptEnabled":true,"databaseEnabled":false,"networkConnectionEnabled":true,"locationContextEnabled":false,"warnings":{},"desired":{"platformName":"android","platform":"ANDROID","chromedriverPort":58422,"app":"C:\\Users\\LENOVO\\Downloads\\com.yoesuv.androidroom-v6(2.1.5)-production-release.apk","autoGrantPermissions":true,"automationName":"uiautomator2","deviceName":"emulator-5554 (sdk_gphone64_x86_64 - Android 14)","fullReset":false,"newCommandTimeout":1800,"noReset":true,"platformVersion":"14","systemPort":58426,"udid":"emulator-5554"},"platformName":"android","chromedriverPort":58422,"app":"C:\\Users\\LENOVO\\Downloads\\com.yoesuv.androidroom-v6(2.1.5)-production-release.apk","autoGrantPermissions":true,"automationName":"uiautomator2","deviceName":"emulator-5554","fullReset":false,"newCommandTimeout":1800,"noReset":true,"platformVersion":"14","systemPort":58426,"udid":"emulator-5554","deviceUDID":"emulator-5554","appPackage":"c...
[35m[HTTP][39m [37m<-- GET /wd/hub/session/91b66441-0939-4f3e-be6a-c34aaf29d255 [39m[32m200[39m [90m14 ms - 1318[39m
[35m[HTTP][39m [90m[39m
[35m[HTTP][39m [37m-->[39m [37mGET[39m [37m/wd/hub/status[39m
[35m[HTTP][39m [90m{}[39m
[debug] [35m[GENERIC][39m Calling AppiumDriver.getStatus() with args: []
[debug] [35m[GENERIC][39m Responding to client with driver.getStatus() result: {"build":{"version":"1.22.0"}}
[35m[HTTP][39m [37m<-- GET /wd/hub/status [39m[32m200[39m [90m1 ms - 68[39m
[35m[HTTP][39m [90m[39m
[35m[HTTP][39m [37m-->[39m [37mPOST[39m [37m/wd/hub/session/91b66441-0939-4f3e-be6a-c34aaf29d255/timeouts[39m
[35m[HTTP][39m [90m{"implicit":60000}[39m
[debug] [35m[W3C (91b66441)][39m Calling AppiumDriver.timeouts() with args: [null,null,null,null,60000,"91b66441-0939-4f3e-be6a-c34aaf29d255"]
[debug] [35m[BaseDriver][39m W3C timeout argument: {"implicit":60000}}
[debug] [35m[BaseDriver][39m Set implicit wait to 60000ms
[debug] [35m[W3C (91b66441)][39m Responding to client with driver.timeouts() result: null
[35m[HTTP][39m [37m<-- POST /wd/hub/session/91b66441-0939-4f3e-be6a-c34aaf29d255/timeouts [39m[32m200[39m [90m3 ms - 14[39m
[35m[HTTP][39m [90m[39m
[35m[HTTP][39m [37m-->[39m [37mGET[39m [37m/wd/hub/session/91b66441-0939-4f3e-be6a-c34aaf29d255/source[39m
[35m[HTTP][39m [90m{}[39m
[35m[W3C (91b66441)][39m Driver proxy active, passing request on via HTTP proxy
[debug] [35m[WD Proxy][39m Matched '/wd/hub/session/91b66441-0939-4f3e-be6a-c34aaf29d255/source' to command name 'getPageSource'
[debug] [35m[WD Proxy][39m Proxying [GET /wd/hub/session/91b66441-0939-4f3e-be6a-c34aaf29d255/source] to [GET http://127.0.0.1:58426/wd/hub/session/e20ee8e7-b682-4276-8509-c45c818e9539/source] with no body
[debug] [35m[WD Proxy][39m Got response with status 200: {"sessionId":"e20ee8e7-b682-4276-8509-c45c818e9539","value":"<?xml version='1.0' encoding='UTF-8' standalone='yes' ?>\r\n<hierarchy index=\"0\" class=\"hierarchy\" rotation=\"0\" width=\"1080\" height=\"2154\">\r\n  <android.widget.FrameLayout index=\"0\" package=\"com.yoesuv.androidroom\" class=\"android.widget.FrameLayout\" text=\"\" checkable=\"false\" checked=\"false\" clickable=\"false\" enabled=\"true\" focusable=\"false\" focused=\"false\" long-clickable=\"false\" password=\"false\" scrollable=\"false\" selected=\"false\" bounds=\"[0,0][1080,2154]\" displayed=\"true\">\r\n    <android.widget.LinearLayout index=\"0\" package=\"com.yoesuv.androidroom\" class=\"android.widget.LinearLayout\" text=\"\" checkable=\"false\" checked=\"false\" clickable=\"false\" enabled=\"true\" focusable=\"false\" focused=\"false\" long-clickable=\"false\" password=\"false\" scrollable=\"false\" selected=\"false\" bounds=\"[0,0][1080,2154]\" displayed=\"true\">\r\n      <android.widget.FrameLayout index=\"0\" package=\"com...
[35m[WD Proxy][39m Replacing sessionId e20ee8e7-b682-4276-8509-c45c818e9539 with 91b66441-0939-4f3e-be6a-c34aaf29d255
[35m[HTTP][39m [37m<-- GET /wd/hub/session/91b66441-0939-4f3e-be6a-c34aaf29d255/source [39m[32m200[39m [90m680 ms - 6575[39m
[35m[HTTP][39m [90m[39m
[35m[HTTP][39m [37m-->[39m [37mGET[39m [37m/wd/hub/session/91b66441-0939-4f3e-be6a-c34aaf29d255/screenshot[39m
[35m[HTTP][39m [90m{}[39m
[debug] [35m[W3C (91b66441)][39m Calling AppiumDriver.getScreenshot() with args: ["91b66441-0939-4f3e-be6a-c34aaf29d255"]
[debug] [35m[WD Proxy][39m Matched '/screenshot' to command name 'getScreenshot'
[debug] [35m[WD Proxy][39m Proxying [GET /screenshot] to [GET http://127.0.0.1:58426/wd/hub/session/e20ee8e7-b682-4276-8509-c45c818e9539/screenshot] with no body
[debug] [35m[WD Proxy][39m Got response with status 200: {"sessionId":"e20ee8e7-b682-4276-8509-c45c818e9539","value":"iVBORw0KGgoAAAANSUhEUgAABDgAAAisCAYAAACtR1KuAAAAAXNSR0IArs4c6QAAAARzQklUCAgI\nCHwIZIgAACAASURBVHic7N13nFTV/f/x950+s7MNWJbee0dBARV77xpjrzGRxJZYEpNobPlqEo3R\n/ExijYkduxh7w4IiqCBK77CwlO1t+tzfHwPDDjNb2Ta7r+fjwePBnHvvOWdhWZ33nPM5xqe9zjcF\nAAAAAACQxiztPQEAAAAAAIB9RcABAAAAAADSHgEHAAAAAABIewQcAAAAAAAg7RFwAAAAAACAtEfA\nAQAAAAAA0h4BBwAAAAAASHsEHAAAAAAAIO0RcAAAAAAAgLRHwAEAAAAAANIeAQcAAAAAAEh7BBwA\nAAAAACDt2dp7AkACw5B7UE/1nXWCcg8dL2f/vNqXZJq7XoQjqlm1RTte+ULbZ3+qUGlVrYsAAAAA\ngK7G+LTX+bwrRPsyDFmcdg27+xLlnT5dFoctlmY0khk1Fan0aeO9L2vr4+8RdAAAAABAF0TAgXZl\nWC0a+9QNyjl0fCzTaEKwkcQ0ZZrSvAEXy4xEW2yOQIsyDBk2qywOWyzMs+z6njclMxJVNBCSGY7I\nDEfad54AAKDTs2VnKGNUPznyc2TvniVbdobC5dUKFVcouL1M1SsKFC6vbu9ptjhX/zz5N+9s72mg\nFbBFBe0me9oojX/pdzKsLVQKxjBkGFL+OTO17Zm5LdMnWl3m5KGa9NbtTX7OjJoq/WCRls96UFFf\nsBVm1oIMQxaHTdYsj+zZGXIOyJOzdze5B+fL4nHG7omaCpdVybd2mwLbShQoKFa40qdIlY+wAwAA\ntAjvhMHKmTlOOQeNVsaYgXL0zG7wmeCOclUv26iyz5ep7NMfVPX9htafaCvqc9nRcg3qpXV/eKq9\np4JWwAoOtD3D0PC/XKZe5x+2...
[debug] [35m[W3C (91b66441)][39m Responding to client with driver.getScreenshot() result: "iVBORw0KGgoAAAANSUhEUgAABDgAAAisCAYAAACtR1KuAAAAAXNSR0IArs4c6QAAAARzQklUCAgI\nCHwIZIgAACAASURBVHic7N13nFTV/f/x950+s7MNWJbee0dBARV77xpjrzGRxJZYEpNobPlqEo3R\n/ExijYkduxh7w4IiqCBK77CwlO1t+tzfHwPDDjNb2Ta7r+fjwePBnHvvOWdhWZ33nPM5xqe9zjcF\nAAAAAACQxiztPQEAAAAAAIB9RcABAAAAAADSHgEHAAAAAABIewQcAAAAAAAg7RFwAAAAAACAtEfA\nAQAAAAAA0h4BBwAAAAAASHsEHAAAAAAAIO0RcAAAAAAAgLRHwAEAAAAAANIeAQcAAAAAAEh7BBwA\nAAAAACDt2dp7AkACw5B7UE/1nXWCcg8dL2f/vNqXZJq7XoQjqlm1RTte+ULbZ3+qUGlVrYsAAAAA\ngK7G+LTX+bwrRPsyDFmcdg27+xLlnT5dFoctlmY0khk1Fan0aeO9L2vr4+8RdAAAAABAF0TAgXZl\nWC0a+9QNyjl0fCzTaEKwkcQ0ZZrSvAEXy4xEW2yOQIsyDBk2qywOWyzMs+z6njclMxJVNBCSGY7I\nDEfad54AAKDTs2VnKGNUPznyc2TvniVbdobC5dUKFVcouL1M1SsKFC6vbu9ptjhX/zz5N+9s72mg\nFbBFBe0me9oojX/pdzKsLVQKxjBkGFL+OTO17Zm5LdMnWl3m5KGa9NbtTX7OjJoq/WCRls96UFFf\nsBVm1oIMQxaHTdYsj+zZGXIOyJOzdze5B+fL4nHG7omaCpdVybd2mwLbShQoKFa40qdIlY+wAwAA\ntAjvhMHKmTlOOQeNVsaYgXL0zG7wmeCOclUv26iyz5ep7NMfVPX9htafaCvqc9nRcg3qpXV/eKq9\np4JWwAoOtD3D0PC/XKZe5x+2bys26hAqrtD88VdKpin34Hz51m9v8THQMrKmDtfEObfucz9fjp6l\ncFlVC8...
[35m[HTTP][39m [37m<-- GET /wd/hub/session/91b66441-0939-4f3e-be6a-c34aaf29d255/screenshot [39m[32m200[39m [90m226 ms - 60848[39m
[35m[HTTP][39m [90m[39m
[35m[HTTP][39m [37m-->[39m [37mGET[39m [37m/wd/hub/session/91b66441-0939-4f3e-be6a-c34aaf29d255/source[39m
[35m[HTTP][39m [90m{}[39m
[35m[W3C (91b66441)][39m Driver proxy active, passing request on via HTTP proxy
[debug] [35m[WD Proxy][39m Matched '/wd/hub/session/91b66441-0939-4f3e-be6a-c34aaf29d255/source' to command name 'getPageSource'
[debug] [35m[WD Proxy][39m Proxying [GET /wd/hub/session/91b66441-0939-4f3e-be6a-c34aaf29d255/source] to [GET http://127.0.0.1:58426/wd/hub/session/e20ee8e7-b682-4276-8509-c45c818e9539/source] with no body
[debug] [35m[WD Proxy][39m Got response with status 200: {"sessionId":"e20ee8e7-b682-4276-8509-c45c818e9539","value":"<?xml version='1.0' encoding='UTF-8' standalone='yes' ?>\r\n<hierarchy index=\"0\" class=\"hierarchy\" rotation=\"0\" width=\"1080\" height=\"2154\">\r\n  <android.widget.FrameLayout index=\"0\" package=\"com.yoesuv.androidroom\" class=\"android.widget.FrameLayout\" text=\"\" checkable=\"false\" checked=\"false\" clickable=\"false\" enabled=\"true\" focusable=\"false\" focused=\"false\" long-clickable=\"false\" password=\"false\" scrollable=\"false\" selected=\"false\" bounds=\"[0,0][1080,2154]\" displayed=\"true\">\r\n    <android.widget.LinearLayout index=\"0\" package=\"com.yoesuv.androidroom\" class=\"android.widget.LinearLayout\" text=\"\" checkable=\"false\" checked=\"false\" clickable=\"false\" enabled=\"true\" focusable=\"false\" focused=\"false\" long-clickable=\"false\" password=\"false\" scrollable=\"false\" selected=\"false\" bounds=\"[0,0][1080,2154]\" displayed=\"true\">\r\n      <android.widget.FrameLayout index=\"0\" package=\"com...
[35m[WD Proxy][39m Replacing sessionId e20ee8e7-b682-4276-8509-c45c818e9539 with 91b66441-0939-4f3e-be6a-c34aaf29d255
[35m[HTTP][39m [37m<-- GET /wd/hub/session/91b66441-0939-4f3e-be6a-c34aaf29d255/source [39m[32m200[39m [90m37 ms - 6575[39m
[35m[HTTP][39m [90m[39m
[35m[HTTP][39m [37m-->[39m [37mGET[39m [37m/wd/hub/session/91b66441-0939-4f3e-be6a-c34aaf29d255/screenshot[39m
[35m[HTTP][39m [90m{}[39m
[debug] [35m[W3C (91b66441)][39m Calling AppiumDriver.getScreenshot() with args: ["91b66441-0939-4f3e-be6a-c34aaf29d255"]
[debug] [35m[WD Proxy][39m Matched '/screenshot' to command name 'getScreenshot'
[debug] [35m[WD Proxy][39m Proxying [GET /screenshot] to [GET http://127.0.0.1:58426/wd/hub/session/e20ee8e7-b682-4276-8509-c45c818e9539/screenshot] with no body
[debug] [35m[WD Proxy][39m Got response with status 200: {"sessionId":"e20ee8e7-b682-4276-8509-c45c818e9539","value":"iVBORw0KGgoAAAANSUhEUgAABDgAAAisCAYAAACtR1KuAAAAAXNSR0IArs4c6QAAAARzQklUCAgI\nCHwIZIgAACAASURBVHic7N13eFRV/gbw906fyUwmhRQS0qihd6RIEcSCYl3Fio1Vdm1rXXftuqu7\ndv2xa0VdO3axIh1FKSI1dEKAkBBIzyTT7/39MWTIcCfJzGQmk0nez/PwPMyZe885Y4rMO+d8j7Aq\n/UoJREREREREREQxTBHtCRARERERERERtRUDDiIiIiIiIiKKeQw4iIiIiIiIiCjmMeAgIiIiIiIi\nopjHgIOIiIiIiIiIYh4DDiIiIiIiIiKKeQw4iIiIiIiIiCjmMeAgIiIiIiIiopjHgIOIiIiIiIiI\nYh4DDiIiIiIiIiKKeQw4iIiIiIiIiCjmMeAgIiIiIiIiopinivYEiHwIAvS5qcicOwOJkwdDm5XS\n9ClI0vEHLjcadh/G0c9/QdmCVXBWWZo8SURERERERF2NsCr9Sr4rpOgSBCi0avR+8lqkXDgOCo3K\nk2YESBIluOusOPDMZyiZ/yODDiIiIiIioi6IAQdFlaBUYOC7dyNh8mBPphFEsCEjSZAkYHX2NZDc\nYtjmSBRWggBBpYRCo/KEeYrj3/MSILlFiHYnJJcbkssd3XkSERFRp6cyxyEuvwc0aQlQJ8dDZY6D\nq6YezopaOMqqUb+zGK6a+mhPM+x0WSmwHToW7WlQBHCLCkWNeWw+Bn/6dwjKMJWCEQQIApB22SQc\neX9FePqkiDMN74Vh3z0a9H2SKKFqyUbsmDsPotURgZmFkSBAoVFBGW+A2hwHbXYKtN2ToM9Lg8Kg\n9VwjSnBVW2DddwT2I5WwF1fAVWeF22Jl2EFERERhYRySh4RJg5AwoT/iBuRAk2pu9R7H0RrUbz+A\n6p+3o3rVNli2FkV+ohGUcf10...
[debug] [35m[W3C (91b66441)][39m Responding to client with driver.getScreenshot() result: "iVBORw0KGgoAAAANSUhEUgAABDgAAAisCAYAAACtR1KuAAAAAXNSR0IArs4c6QAAAARzQklUCAgI\nCHwIZIgAACAASURBVHic7N13eFRV/gbw906fyUwmhRQS0qihd6RIEcSCYl3Fio1Vdm1rXXftuqu7\ndv2xa0VdO3axIh1FKSI1dEKAkBBIzyTT7/39MWTIcCfJzGQmk0nez/PwPMyZe885Y4rMO+d8j7Aq\n/UoJREREREREREQxTBHtCRARERERERERtRUDDiIiIiIiIiKKeQw4iIiIiIiIiCjmMeAgIiIiIiIi\nopjHgIOIiIiIiIiIYh4DDiIiIiIiIiKKeQw4iIiIiIiIiCjmMeAgIiIiIiIiopjHgIOIiIiIiIiI\nYh4DDiIiIiIiIiKKeQw4iIiIiIiIiCjmMeAgIiIiIiIiopinivYEiHwIAvS5qcicOwOJkwdDm5XS\n9ClI0vEHLjcadh/G0c9/QdmCVXBWWZo8SURERERERF2NsCr9Sr4rpOgSBCi0avR+8lqkXDgOCo3K\nk2YESBIluOusOPDMZyiZ/yODDiIiIiIioi6IAQdFlaBUYOC7dyNh8mBPphFEsCEjSZAkYHX2NZDc\nYtjmSBRWggBBpYRCo/KEeYrj3/MSILlFiHYnJJcbkssd3XkSERFRp6cyxyEuvwc0aQlQJ8dDZY6D\nq6YezopaOMqqUb+zGK6a+mhPM+x0WSmwHToW7WlQBHCLCkWNeWw+Bn/6dwjKMJWCEQQIApB22SQc\neX9FePqkiDMN74Vh3z0a9H2SKKFqyUbsmDsPotURgZmFkSBAoVFBGW+A2hwHbXYKtN2ToM9Lg8Kg\n9VwjSnBVW2DddwT2I5WwF1fAVWeF22Jl2EFERERhYRySh4RJg5AwoT/iBuRAk2pu9R7H0RrUbz+A\n6p+3o3rVNli2FkV+ohGUcf106HLTUfjQu9GeCkUAV3BQ+xME9HnqeqRfOaVtKzaa4ayoxZrBNwOS\nBH1eGq...
[35m[HTTP][39m [37m<-- GET /wd/hub/session/91b66441-0939-4f3e-be6a-c34aaf29d255/screenshot [39m[32m200[39m [90m230 ms - 61316[39m
[35m[HTTP][39m [90m[39m
[35m[HTTP][39m [37m-->[39m [37mPOST[39m [37m/wd/hub/session/91b66441-0939-4f3e-be6a-c34aaf29d255/elements[39m
[35m[HTTP][39m [90m{"using":"xpath","value":"//*[@class = 'android.widget.ImageButton' and @resource-id = 'com.yoesuv.androidroom:id/fabMain' and (@text = '' or . = '')]"}[39m
[debug] [35m[W3C (91b66441)][39m Calling AppiumDriver.findElements() with args: ["xpath","//*[@class = 'android.widget.ImageButton' and @resource-id = 'com.yoesuv.androidroom:id/fabMain' and (@text = '' or . = '')]","91b66441-0939-4f3e-be6a-c34aaf29d255"]
[debug] [35m[BaseDriver][39m Valid locator strategies for this request: xpath, id, class name, accessibility id, css selector, -android uiautomator
[debug] [35m[BaseDriver][39m Waiting up to 60000 ms for condition
[debug] [35m[WD Proxy][39m Matched '/elements' to command name 'findElements'
[debug] [35m[WD Proxy][39m Proxying [POST /elements] to [POST http://127.0.0.1:58426/wd/hub/session/e20ee8e7-b682-4276-8509-c45c818e9539/elements] with body: {"strategy":"xpath","selector":"//*[@class = 'android.widget.ImageButton' and @resource-id = 'com.yoesuv.androidroom:id/fabMain' and (@text = '' or . = '')]","context":"","multiple":true}
[debug] [35m[WD Proxy][39m Got response with status 200: {"sessionId":"e20ee8e7-b682-4276-8509-c45c818e9539","value":[{"ELEMENT":"00000000-0000-0205-ffff-ffff0000000b","element-6066-11e4-a52e-4f735466cecf":"00000000-0000-0205-ffff-ffff0000000b"}]}
[debug] [35m[W3C (91b66441)][39m Responding to client with driver.findElements() result: [{"element-6066-11e4-a52e-4f735466cecf":"00000000-0000-0205-ffff-ffff0000000b","ELEMENT":"00000000-0000-0205-ffff-ffff0000000b"}]
[35m[HTTP][39m [37m<-- POST /wd/hub/session/91b66441-0939-4f3e-be6a-c34aaf29d255/elements [39m[32m200[39m [90m95 ms - 139[39m
[35m[HTTP][39m [90m[39m
[35m[HTTP][39m [37m-->[39m [37mGET[39m [37m/wd/hub/session/91b66441-0939-4f3e-be6a-c34aaf29d255/window/rect[39m
[35m[HTTP][39m [90m{}[39m
[debug] [35m[W3C (91b66441)][39m Calling AppiumDriver.getWindowRect() with args: ["91b66441-0939-4f3e-be6a-c34aaf29d255"]
[debug] [35m[WD Proxy][39m Matched '/window/current/size' to command name 'getWindowSize'
[debug] [35m[WD Proxy][39m Proxying [GET /window/current/size] to [GET http://127.0.0.1:58426/wd/hub/session/e20ee8e7-b682-4276-8509-c45c818e9539/window/current/size] with no body
[debug] [35m[WD Proxy][39m Got response with status 200: {"sessionId":"e20ee8e7-b682-4276-8509-c45c818e9539","value":{"height":2154,"width":1080}}
[debug] [35m[W3C (91b66441)][39m Responding to client with driver.getWindowRect() result: {"width":1080,"height":2154,"x":0,"y":0}
[35m[HTTP][39m [37m<-- GET /wd/hub/session/91b66441-0939-4f3e-be6a-c34aaf29d255/window/rect [39m[32m200[39m [90m13 ms - 50[39m
[35m[HTTP][39m [90m[39m
[35m[HTTP][39m [37m-->[39m [37mPOST[39m [37m/wd/hub/session/91b66441-0939-4f3e-be6a-c34aaf29d255/elements[39m
[35m[HTTP][39m [90m{"using":"xpath","value":"//*[@class = 'android.widget.ImageButton' and @resource-id = 'com.yoesuv.androidroom:id/fabMain' and (@text = '' or . = '')]"}[39m
[debug] [35m[W3C (91b66441)][39m Calling AppiumDriver.findElements() with args: ["xpath","//*[@class = 'android.widget.ImageButton' and @resource-id = 'com.yoesuv.androidroom:id/fabMain' and (@text = '' or . = '')]","91b66441-0939-4f3e-be6a-c34aaf29d255"]
[debug] [35m[BaseDriver][39m Valid locator strategies for this request: xpath, id, class name, accessibility id, css selector, -android uiautomator
[debug] [35m[BaseDriver][39m Waiting up to 60000 ms for condition
[debug] [35m[WD Proxy][39m Matched '/elements' to command name 'findElements'
[debug] [35m[WD Proxy][39m Proxying [POST /elements] to [POST http://127.0.0.1:58426/wd/hub/session/e20ee8e7-b682-4276-8509-c45c818e9539/elements] with body: {"strategy":"xpath","selector":"//*[@class = 'android.widget.ImageButton' and @resource-id = 'com.yoesuv.androidroom:id/fabMain' and (@text = '' or . = '')]","context":"","multiple":true}
[debug] [35m[WD Proxy][39m Got response with status 200: {"sessionId":"e20ee8e7-b682-4276-8509-c45c818e9539","value":[{"ELEMENT":"00000000-0000-0205-ffff-ffff0000000b","element-6066-11e4-a52e-4f735466cecf":"00000000-0000-0205-ffff-ffff0000000b"}]}
[debug] [35m[W3C (91b66441)][39m Responding to client with driver.findElements() result: [{"element-6066-11e4-a52e-4f735466cecf":"00000000-0000-0205-ffff-ffff0000000b","ELEMENT":"00000000-0000-0205-ffff-ffff0000000b"}]
[35m[HTTP][39m [37m<-- POST /wd/hub/session/91b66441-0939-4f3e-be6a-c34aaf29d255/elements [39m[32m200[39m [90m29 ms - 139[39m
[35m[HTTP][39m [90m[39m
[35m[HTTP][39m [37m-->[39m [37mGET[39m [37m/wd/hub/session/91b66441-0939-4f3e-be6a-c34aaf29d255/element/00000000-0000-0205-ffff-ffff0000000b/location[39m
[35m[HTTP][39m [90m{}[39m
[35m[W3C (91b66441)][39m Driver proxy active, passing request on via HTTP proxy
[debug] [35m[WD Proxy][39m Matched '/wd/hub/session/91b66441-0939-4f3e-be6a-c34aaf29d255/element/00000000-0000-0205-ffff-ffff0000000b/location' to command name 'getLocation'
[debug] [35m[WD Proxy][39m Proxying [GET /wd/hub/session/91b66441-0939-4f3e-be6a-c34aaf29d255/element/00000000-0000-0205-ffff-ffff0000000b/location] to [GET http://127.0.0.1:58426/wd/hub/session/e20ee8e7-b682-4276-8509-c45c818e9539/element/00000000-0000-0205-ffff-ffff0000000b/location] with no body
[debug] [35m[WD Proxy][39m Got response with status 200: {"sessionId":"e20ee8e7-b682-4276-8509-c45c818e9539","value":{"x":882,"y":1956}}
[35m[WD Proxy][39m Replacing sessionId e20ee8e7-b682-4276-8509-c45c818e9539 with 91b66441-0939-4f3e-be6a-c34aaf29d255
[35m[HTTP][39m [37m<-- GET /wd/hub/session/91b66441-0939-4f3e-be6a-c34aaf29d255/element/00000000-0000-0205-ffff-ffff0000000b/location [39m[32m200[39m [90m16 ms - 79[39m
[35m[HTTP][39m [90m[39m
[35m[HTTP][39m [37m-->[39m [37mPOST[39m [37m/wd/hub/session/91b66441-0939-4f3e-be6a-c34aaf29d255/element/00000000-0000-0205-ffff-ffff0000000b/click[39m
[35m[HTTP][39m [90m{"id":"00000000-0000-0205-ffff-ffff0000000b"}[39m
[debug] [35m[W3C (91b66441)][39m Calling AppiumDriver.click() with args: ["00000000-0000-0205-ffff-ffff0000000b","91b66441-0939-4f3e-be6a-c34aaf29d255"]
[debug] [35m[WD Proxy][39m Matched '/element/00000000-0000-0205-ffff-ffff0000000b/click' to command name 'click'
[debug] [35m[WD Proxy][39m Proxying [POST /element/00000000-0000-0205-ffff-ffff0000000b/click] to [POST http://127.0.0.1:58426/wd/hub/session/e20ee8e7-b682-4276-8509-c45c818e9539/element/00000000-0000-0205-ffff-ffff0000000b/click] with body: {"element":"00000000-0000-0205-ffff-ffff0000000b"}
[debug] [35m[WD Proxy][39m Got response with status 200: {"sessionId":"e20ee8e7-b682-4276-8509-c45c818e9539","value":null}
[debug] [35m[W3C (91b66441)][39m Responding to client with driver.click() result: null
[35m[HTTP][39m [37m<-- POST /wd/hub/session/91b66441-0939-4f3e-be6a-c34aaf29d255/element/00000000-0000-0205-ffff-ffff0000000b/click [39m[32m200[39m [90m55 ms - 14[39m
[35m[HTTP][39m [90m[39m
[35m[HTTP][39m [37m-->[39m [37mGET[39m [37m/wd/hub/session/91b66441-0939-4f3e-be6a-c34aaf29d255/source[39m
[35m[HTTP][39m [90m{}[39m
[35m[W3C (91b66441)][39m Driver proxy active, passing request on via HTTP proxy
[debug] [35m[WD Proxy][39m Matched '/wd/hub/session/91b66441-0939-4f3e-be6a-c34aaf29d255/source' to command name 'getPageSource'
[debug] [35m[WD Proxy][39m Proxying [GET /wd/hub/session/91b66441-0939-4f3e-be6a-c34aaf29d255/source] to [GET http://127.0.0.1:58426/wd/hub/session/e20ee8e7-b682-4276-8509-c45c818e9539/source] with no body
[debug] [35m[WD Proxy][39m Got response with status 200: {"sessionId":"e20ee8e7-b682-4276-8509-c45c818e9539","value":"<?xml version='1.0' encoding='UTF-8' standalone='yes' ?>\r\n<hierarchy index=\"0\" class=\"hierarchy\" rotation=\"0\" width=\"1080\" height=\"2154\">\r\n  <android.widget.FrameLayout index=\"0\" package=\"com.yoesuv.androidroom\" class=\"android.widget.FrameLayout\" text=\"\" checkable=\"false\" checked=\"false\" clickable=\"false\" enabled=\"true\" focusable=\"false\" focused=\"false\" long-clickable=\"false\" password=\"false\" scrollable=\"false\" selected=\"false\" bounds=\"[27,544][1053,1676]\" displayed=\"true\">\r\n    <android.widget.LinearLayout index=\"0\" package=\"com.yoesuv.androidroom\" class=\"android.widget.LinearLayout\" text=\"\" checkable=\"false\" checked=\"false\" clickable=\"false\" enabled=\"true\" focusable=\"false\" focused=\"false\" long-clickable=\"false\" password=\"false\" scrollable=\"false\" selected=\"false\" bounds=\"[93,764][987,1456]\" displayed=\"true\">\r\n      <android.widget.FrameLayout index=\"0\" package=...
[35m[WD Proxy][39m Replacing sessionId e20ee8e7-b682-4276-8509-c45c818e9539 with 91b66441-0939-4f3e-be6a-c34aaf29d255
[35m[HTTP][39m [37m<-- GET /wd/hub/session/91b66441-0939-4f3e-be6a-c34aaf29d255/source [39m[32m200[39m [90m156 ms - 8809[39m
[35m[HTTP][39m [90m[39m
[35m[HTTP][39m [37m-->[39m [37mGET[39m [37m/wd/hub/session/91b66441-0939-4f3e-be6a-c34aaf29d255/screenshot[39m
[35m[HTTP][39m [90m{}[39m
[debug] [35m[W3C (91b66441)][39m Calling AppiumDriver.getScreenshot() with args: ["91b66441-0939-4f3e-be6a-c34aaf29d255"]
[debug] [35m[WD Proxy][39m Matched '/screenshot' to command name 'getScreenshot'
[debug] [35m[WD Proxy][39m Proxying [GET /screenshot] to [GET http://127.0.0.1:58426/wd/hub/session/e20ee8e7-b682-4276-8509-c45c818e9539/screenshot] with no body
[debug] [35m[WD Proxy][39m Got response with status 200: {"sessionId":"e20ee8e7-b682-4276-8509-c45c818e9539","value":"iVBORw0KGgoAAAANSUhEUgAABDgAAAisCAYAAACtR1KuAAAAAXNSR0IArs4c6QAAAARzQklUCAgI\nCHwIZIgAACAASURBVHic7N13eFRV/j/w9517p6V30kloCaGEDtKkqlhQsGDH+tWvrrvu4s/Vdde2\nurruunbXhq6uX1dxFcWCIl16k15DCIQA6T1T772/P4YMGWaSzCQzSSZ5v56H52HO3HvOGQns3vec\n8znCM1GTVRARERERERERBTFNZ0+AiIiIiIiIiKi9GHAQERERERERUdBjwEFEREREREREQY8BBxER\nEREREREFPQYcRERERERERBT0GHAQERERERERUdBjwEFEREREREREQY8BBxEREREREREFPQYcRERE\nRERERBT0GHAQERERERERUdBjwEFEREREREREQY8BBxEREREREREFPamzJ0DkQhAQnZmMcffPQ59p\noxGZnujyHlQVAKDYZZQdOo69n/+E3Z8sRUNFjfM9IiIiIiIi6nmEZ6Im86mQOpcgQNLrcMnfH8Sg\nq2dA1GshCILXt6uKAkttA9Y+9z62vvMlgw4iIiIiIqIeiAEHdSpB1GDep8+jz7TRgCD4FGycT1VV\nQFXxXMJ0qLLix1kS+ZEgQNRKjl96LQTN2Z2CqgpFVmA3W6HY7VDscufOk4iIiLo9Q1Q44gdmIiwx\nFqGxUTBEhcNcVYv68irUnSlH6YFjMFfVdvY0/S4yPRHVJ8509jQoALhFhTpN+vhc3LTkZWhE/5SC\nEQQBEATk3nQpdn70rV/6pMBLHjkQty9/y+f7VEVB3rJNWHzHU7CZzAGYmR8JAiSdFvrIUBgiwxHV\nOwkRKfGIzkyFNtQAwPF5zJW1KM8rRO3pMlQXnoG1tgGW2nqGHUREROQXScOykDFlJDImDkfC4H4I\n6xXT6j11xRUo2ZuHgp934Njq...
[debug] [35m[W3C (91b66441)][39m Responding to client with driver.getScreenshot() result: "iVBORw0KGgoAAAANSUhEUgAABDgAAAisCAYAAACtR1KuAAAAAXNSR0IArs4c6QAAAARzQklUCAgI\nCHwIZIgAACAASURBVHic7N13eFRV/j/w9517p6V30kloCaGEDtKkqlhQsGDH+tWvrrvu4s/Vdde2\nurruunbXhq6uX1dxFcWCIl16k15DCIQA6T1T772/P4YMGWaSzCQzSSZ5v56H52HO3HvOGQns3vec\n8znCM1GTVRARERERERERBTFNZ0+AiIiIiIiIiKi9GHAQERERERERUdBjwEFEREREREREQY8BBxER\nEREREREFPQYcRERERERERBT0GHAQERERERERUdBjwEFEREREREREQY8BBxEREREREREFPQYcRERE\nRERERBT0GHAQERERERERUdBjwEFEREREREREQY8BBxEREREREREFPamzJ0DkQhAQnZmMcffPQ59p\noxGZnujyHlQVAKDYZZQdOo69n/+E3Z8sRUNFjfM9IiIiIiIi6nmEZ6Im86mQOpcgQNLrcMnfH8Sg\nq2dA1GshCILXt6uKAkttA9Y+9z62vvMlgw4iIiIiIqIeiAEHdSpB1GDep8+jz7TRgCD4FGycT1VV\nQFXxXMJ0qLLix1kS+ZEgQNRKjl96LQTN2Z2CqgpFVmA3W6HY7VDscufOk4iIiLo9Q1Q44gdmIiwx\nFqGxUTBEhcNcVYv68irUnSlH6YFjMFfVdvY0/S4yPRHVJ8509jQoALhFhTpN+vhc3LTkZWhE/5SC\nEQQBEATk3nQpdn70rV/6pMBLHjkQty9/y+f7VEVB3rJNWHzHU7CZzAGYmR8JAiSdFvrIUBgiwxHV\nOwkRKfGIzkyFNtQAwPF5zJW1KM8rRO3pMlQXnoG1tgGW2nqGHUREROQXScOykDFlJDImDkfC4H4I\n6xXT6j11xRUo2ZuHgp934Njq7Tiz63AHzDRwRt09F9F9UvDTo6919lQoALiCgzqeIODSlxZg2K2X\nt2vFRn...
[35m[HTTP][39m [37m<-- GET /wd/hub/session/91b66441-0939-4f3e-be6a-c34aaf29d255/screenshot [39m[32m200[39m [90m231 ms - 117190[39m
[35m[HTTP][39m [90m[39m
[35m[HTTP][39m [37m-->[39m [37mPOST[39m [37m/wd/hub/session/91b66441-0939-4f3e-be6a-c34aaf29d255/elements[39m
[35m[HTTP][39m [90m{"using":"xpath","value":"//*[@class = 'android.widget.Button' and (@text = 'SAVE' or . = 'SAVE') and @resource-id = 'com.yoesuv.androidroom:id/buttonApply']"}[39m
[debug] [35m[W3C (91b66441)][39m Calling AppiumDriver.findElements() with args: ["xpath","//*[@class = 'android.widget.Button' and (@text = 'SAVE' or . = 'SAVE') and @resource-id = 'com.yoesuv.androidroom:id/buttonApply']","91b66441-0939-4f3e-be6a-c34aaf29d255"]
[debug] [35m[BaseDriver][39m Valid locator strategies for this request: xpath, id, class name, accessibility id, css selector, -android uiautomator
[debug] [35m[BaseDriver][39m Waiting up to 60000 ms for condition
[debug] [35m[WD Proxy][39m Matched '/elements' to command name 'findElements'
[debug] [35m[WD Proxy][39m Proxying [POST /elements] to [POST http://127.0.0.1:58426/wd/hub/session/e20ee8e7-b682-4276-8509-c45c818e9539/elements] with body: {"strategy":"xpath","selector":"//*[@class = 'android.widget.Button' and (@text = 'SAVE' or . = 'SAVE') and @resource-id = 'com.yoesuv.androidroom:id/buttonApply']","context":"","multiple":true}
[debug] [35m[WD Proxy][39m Got response with status 200: {"sessionId":"e20ee8e7-b682-4276-8509-c45c818e9539","value":[{"ELEMENT":"00000000-0000-0206-ffff-ffff0000003f","element-6066-11e4-a52e-4f735466cecf":"00000000-0000-0206-ffff-ffff0000003f"}]}
[debug] [35m[W3C (91b66441)][39m Responding to client with driver.findElements() result: [{"element-6066-11e4-a52e-4f735466cecf":"00000000-0000-0206-ffff-ffff0000003f","ELEMENT":"00000000-0000-0206-ffff-ffff0000003f"}]
[35m[HTTP][39m [37m<-- POST /wd/hub/session/91b66441-0939-4f3e-be6a-c34aaf29d255/elements [39m[32m200[39m [90m31 ms - 139[39m
[35m[HTTP][39m [90m[39m
[35m[HTTP][39m [37m-->[39m [37mGET[39m [37m/wd/hub/session/91b66441-0939-4f3e-be6a-c34aaf29d255/window/rect[39m
[35m[HTTP][39m [90m{}[39m
[debug] [35m[W3C (91b66441)][39m Calling AppiumDriver.getWindowRect() with args: ["91b66441-0939-4f3e-be6a-c34aaf29d255"]
[debug] [35m[WD Proxy][39m Matched '/window/current/size' to command name 'getWindowSize'
[debug] [35m[WD Proxy][39m Proxying [GET /window/current/size] to [GET http://127.0.0.1:58426/wd/hub/session/e20ee8e7-b682-4276-8509-c45c818e9539/window/current/size] with no body
[debug] [35m[WD Proxy][39m Got response with status 200: {"sessionId":"e20ee8e7-b682-4276-8509-c45c818e9539","value":{"height":2154,"width":1080}}
[debug] [35m[W3C (91b66441)][39m Responding to client with driver.getWindowRect() result: {"width":1080,"height":2154,"x":0,"y":0}
[35m[HTTP][39m [37m<-- GET /wd/hub/session/91b66441-0939-4f3e-be6a-c34aaf29d255/window/rect [39m[32m200[39m [90m14 ms - 50[39m
[35m[HTTP][39m [90m[39m
[35m[HTTP][39m [37m-->[39m [37mPOST[39m [37m/wd/hub/session/91b66441-0939-4f3e-be6a-c34aaf29d255/elements[39m
[35m[HTTP][39m [90m{"using":"xpath","value":"//*[@class = 'android.widget.Button' and (@text = 'SAVE' or . = 'SAVE') and @resource-id = 'com.yoesuv.androidroom:id/buttonApply']"}[39m
[debug] [35m[W3C (91b66441)][39m Calling AppiumDriver.findElements() with args: ["xpath","//*[@class = 'android.widget.Button' and (@text = 'SAVE' or . = 'SAVE') and @resource-id = 'com.yoesuv.androidroom:id/buttonApply']","91b66441-0939-4f3e-be6a-c34aaf29d255"]
[debug] [35m[BaseDriver][39m Valid locator strategies for this request: xpath, id, class name, accessibility id, css selector, -android uiautomator
[debug] [35m[BaseDriver][39m Waiting up to 60000 ms for condition
[debug] [35m[WD Proxy][39m Matched '/elements' to command name 'findElements'
[debug] [35m[WD Proxy][39m Proxying [POST /elements] to [POST http://127.0.0.1:58426/wd/hub/session/e20ee8e7-b682-4276-8509-c45c818e9539/elements] with body: {"strategy":"xpath","selector":"//*[@class = 'android.widget.Button' and (@text = 'SAVE' or . = 'SAVE') and @resource-id = 'com.yoesuv.androidroom:id/buttonApply']","context":"","multiple":true}
[debug] [35m[WD Proxy][39m Got response with status 200: {"sessionId":"e20ee8e7-b682-4276-8509-c45c818e9539","value":[{"ELEMENT":"00000000-0000-0206-ffff-ffff0000003f","element-6066-11e4-a52e-4f735466cecf":"00000000-0000-0206-ffff-ffff0000003f"}]}
[debug] [35m[W3C (91b66441)][39m Responding to client with driver.findElements() result: [{"element-6066-11e4-a52e-4f735466cecf":"00000000-0000-0206-ffff-ffff0000003f","ELEMENT":"00000000-0000-0206-ffff-ffff0000003f"}]
[35m[HTTP][39m [37m<-- POST /wd/hub/session/91b66441-0939-4f3e-be6a-c34aaf29d255/elements [39m[32m200[39m [90m32 ms - 139[39m
[35m[HTTP][39m [90m[39m
[35m[HTTP][39m [37m-->[39m [37mGET[39m [37m/wd/hub/session/91b66441-0939-4f3e-be6a-c34aaf29d255/element/00000000-0000-0206-ffff-ffff0000003f/location[39m
[35m[HTTP][39m [90m{}[39m
[35m[W3C (91b66441)][39m Driver proxy active, passing request on via HTTP proxy
[debug] [35m[WD Proxy][39m Matched '/wd/hub/session/91b66441-0939-4f3e-be6a-c34aaf29d255/element/00000000-0000-0206-ffff-ffff0000003f/location' to command name 'getLocation'
[debug] [35m[WD Proxy][39m Proxying [GET /wd/hub/session/91b66441-0939-4f3e-be6a-c34aaf29d255/element/00000000-0000-0206-ffff-ffff0000003f/location] to [GET http://127.0.0.1:58426/wd/hub/session/e20ee8e7-b682-4276-8509-c45c818e9539/element/00000000-0000-0206-ffff-ffff0000003f/location] with no body
[debug] [35m[WD Proxy][39m Got response with status 200: {"sessionId":"e20ee8e7-b682-4276-8509-c45c818e9539","value":{"x":540,"y":1324}}
[35m[WD Proxy][39m Replacing sessionId e20ee8e7-b682-4276-8509-c45c818e9539 with 91b66441-0939-4f3e-be6a-c34aaf29d255
[35m[HTTP][39m [37m<-- GET /wd/hub/session/91b66441-0939-4f3e-be6a-c34aaf29d255/element/00000000-0000-0206-ffff-ffff0000003f/location [39m[32m200[39m [90m13 ms - 79[39m
[35m[HTTP][39m [90m[39m
[35m[HTTP][39m [37m-->[39m [37mPOST[39m [37m/wd/hub/session/91b66441-0939-4f3e-be6a-c34aaf29d255/element/00000000-0000-0206-ffff-ffff0000003f/click[39m
[35m[HTTP][39m [90m{"id":"00000000-0000-0206-ffff-ffff0000003f"}[39m
[debug] [35m[W3C (91b66441)][39m Calling AppiumDriver.click() with args: ["00000000-0000-0206-ffff-ffff0000003f","91b66441-0939-4f3e-be6a-c34aaf29d255"]
[debug] [35m[WD Proxy][39m Matched '/element/00000000-0000-0206-ffff-ffff0000003f/click' to command name 'click'
[debug] [35m[WD Proxy][39m Proxying [POST /element/00000000-0000-0206-ffff-ffff0000003f/click] to [POST http://127.0.0.1:58426/wd/hub/session/e20ee8e7-b682-4276-8509-c45c818e9539/element/00000000-0000-0206-ffff-ffff0000003f/click] with body: {"element":"00000000-0000-0206-ffff-ffff0000003f"}
[debug] [35m[WD Proxy][39m Got response with status 200: {"sessionId":"e20ee8e7-b682-4276-8509-c45c818e9539","value":null}
[debug] [35m[W3C (91b66441)][39m Responding to client with driver.click() result: null
[35m[HTTP][39m [37m<-- POST /wd/hub/session/91b66441-0939-4f3e-be6a-c34aaf29d255/element/00000000-0000-0206-ffff-ffff0000003f/click [39m[32m200[39m [90m51 ms - 14[39m
[35m[HTTP][39m [90m[39m
[35m[HTTP][39m [37m-->[39m [37mGET[39m [37m/wd/hub/session/91b66441-0939-4f3e-be6a-c34aaf29d255/source[39m
[35m[HTTP][39m [90m{}[39m
[35m[W3C (91b66441)][39m Driver proxy active, passing request on via HTTP proxy
[debug] [35m[WD Proxy][39m Matched '/wd/hub/session/91b66441-0939-4f3e-be6a-c34aaf29d255/source' to command name 'getPageSource'
[debug] [35m[WD Proxy][39m Proxying [GET /wd/hub/session/91b66441-0939-4f3e-be6a-c34aaf29d255/source] to [GET http://127.0.0.1:58426/wd/hub/session/e20ee8e7-b682-4276-8509-c45c818e9539/source] with no body
[debug] [35m[WD Proxy][39m Got response with status 200: {"sessionId":"e20ee8e7-b682-4276-8509-c45c818e9539","value":"<?xml version='1.0' encoding='UTF-8' standalone='yes' ?>\r\n<hierarchy index=\"0\" class=\"hierarchy\" rotation=\"0\" width=\"1080\" height=\"2154\">\r\n  <android.widget.FrameLayout index=\"0\" package=\"com.yoesuv.androidroom\" class=\"android.widget.FrameLayout\" text=\"\" checkable=\"false\" checked=\"false\" clickable=\"false\" enabled=\"true\" focusable=\"false\" focused=\"false\" long-clickable=\"false\" password=\"false\" scrollable=\"false\" selected=\"false\" bounds=\"[27,516][1053,1703]\" displayed=\"true\">\r\n    <android.widget.LinearLayout index=\"0\" package=\"com.yoesuv.androidroom\" class=\"android.widget.LinearLayout\" text=\"\" checkable=\"false\" checked=\"false\" clickable=\"false\" enabled=\"true\" focusable=\"false\" focused=\"false\" long-clickable=\"false\" password=\"false\" scrollable=\"false\" selected=\"false\" bounds=\"[93,736][987,1483]\" displayed=\"true\">\r\n      <android.widget.FrameLayout index=\"0\" package=...
[35m[WD Proxy][39m Replacing sessionId e20ee8e7-b682-4276-8509-c45c818e9539 with 91b66441-0939-4f3e-be6a-c34aaf29d255
[35m[HTTP][39m [37m<-- GET /wd/hub/session/91b66441-0939-4f3e-be6a-c34aaf29d255/source [39m[32m200[39m [90m446 ms - 11129[39m
[35m[HTTP][39m [90m[39m
[35m[HTTP][39m [37m-->[39m [37mGET[39m [37m/wd/hub/session/91b66441-0939-4f3e-be6a-c34aaf29d255/screenshot[39m
[35m[HTTP][39m [90m{}[39m
[debug] [35m[W3C (91b66441)][39m Calling AppiumDriver.getScreenshot() with args: ["91b66441-0939-4f3e-be6a-c34aaf29d255"]
[debug] [35m[WD Proxy][39m Matched '/screenshot' to command name 'getScreenshot'
[debug] [35m[WD Proxy][39m Proxying [GET /screenshot] to [GET http://127.0.0.1:58426/wd/hub/session/e20ee8e7-b682-4276-8509-c45c818e9539/screenshot] with no body
[debug] [35m[WD Proxy][39m Got response with status 200: {"sessionId":"e20ee8e7-b682-4276-8509-c45c818e9539","value":"iVBORw0KGgoAAAANSUhEUgAABDgAAAisCAYAAACtR1KuAAAAAXNSR0IArs4c6QAAAARzQklUCAgI\nCHwIZIgAACAASURBVHic7N13eFRV/j/w9517p6V30kloCaGEDtKkqlhQsGDH+tWvrrvu4s/Vdde2\nurruunbXhq6uX1dxFcWCIl16k15DCIQA6T1T772/P4YMGWaSzCQzSSZ5v56H52HO3HvOGQns3vec\n8znCM1GTVRARERERERERBTFNZ0+AiIiIiIiIiKi9GHAQERERERERUdBjwEFEREREREREQY8BBxER\nEREREREFPQYcRERERERERBT0GHAQERERERERUdBjwEFEREREREREQY8BBxEREREREREFPQYcRERE\nRERERBT0GHAQERERERERUdBjwEFEREREREREQY8BBxEREREREREFPamzJ0DkQhAQnZmMcffPQ59p\noxGZnujyHlQVAKDYZZQdOo69n/+E3Z8sRUNFjfM9IiIiIiIi6nmEZ6Im86mQOpcgQNLrcMnfH8Sg\nq2dA1GshCILXt6uKAkttA9Y+9z62vvMlgw4iIiIiIqIeiAEHdSpB1GDep8+jz7TRgCD4FGycT1VV\nQFXxXMJ0qLLix1kS+ZEgQNRKjl96LQTN2Z2CqgpFVmA3W6HY7VDscufOk4iIiLo9Q1Q44gdmIiwx\nFqGxUTBEhcNcVYv68irUnSlH6YFjMFfVdvY0/S4yPRHVJ8509jQoALhFhTpN+vhc3LTkZWhE/5SC\nEQQBEATk3nQpdn70rV/6pMBLHjkQty9/y+f7VEVB3rJNWHzHU7CZzAGYmR8JAiSdFvrIUBgiwxHV\nOwkRKfGIzkyFNtQAwPF5zJW1KM8rRO3pMlQXnoG1tgGW2nqGHUREROQXScOykDFlJDImDkfC4H4I\n6xXT6j11xRUo2ZuHgp934Njq...
[debug] [35m[W3C (91b66441)][39m Responding to client with driver.getScreenshot() result: "iVBORw0KGgoAAAANSUhEUgAABDgAAAisCAYAAACtR1KuAAAAAXNSR0IArs4c6QAAAARzQklUCAgI\nCHwIZIgAACAASURBVHic7N13eFRV/j/w9517p6V30kloCaGEDtKkqlhQsGDH+tWvrrvu4s/Vdde2\nurruunbXhq6uX1dxFcWCIl16k15DCIQA6T1T772/P4YMGWaSzCQzSSZ5v56H52HO3HvOGQns3vec\n8znCM1GTVRARERERERERBTFNZ0+AiIiIiIiIiKi9GHAQERERERERUdBjwEFEREREREREQY8BBxER\nEREREREFPQYcRERERERERBT0GHAQERERERERUdBjwEFEREREREREQY8BBxEREREREREFPQYcRERE\nRERERBT0GHAQERERERERUdBjwEFEREREREREQY8BBxEREREREREFPamzJ0DkQhAQnZmMcffPQ59p\noxGZnujyHlQVAKDYZZQdOo69n/+E3Z8sRUNFjfM9IiIiIiIi6nmEZ6Im86mQOpcgQNLrcMnfH8Sg\nq2dA1GshCILXt6uKAkttA9Y+9z62vvMlgw4iIiIiIqIeiAEHdSpB1GDep8+jz7TRgCD4FGycT1VV\nQFXxXMJ0qLLix1kS+ZEgQNRKjl96LQTN2Z2CqgpFVmA3W6HY7VDscufOk4iIiLo9Q1Q44gdmIiwx\nFqGxUTBEhcNcVYv68irUnSlH6YFjMFfVdvY0/S4yPRHVJ8509jQoALhFhTpN+vhc3LTkZWhE/5SC\nEQQBEATk3nQpdn70rV/6pMBLHjkQty9/y+f7VEVB3rJNWHzHU7CZzAGYmR8JAiSdFvrIUBgiwxHV\nOwkRKfGIzkyFNtQAwPF5zJW1KM8rRO3pMlQXnoG1tgGW2nqGHUREROQXScOykDFlJDImDkfC4H4I\n6xXT6j11xRUo2ZuHgp934Njq7Tiz63AHzDRwRt09F9F9UvDTo6919lQoALiCgzqeIODSlxZg2K2X\nt2vFRn...
[35m[HTTP][39m [37m<-- GET /wd/hub/session/91b66441-0939-4f3e-be6a-c34aaf29d255/screenshot [39m[32m200[39m [90m195 ms - 124480[39m
[35m[HTTP][39m [90m[39m
[35m[HTTP][39m [37m-->[39m [37mPOST[39m [37m/wd/hub/session/91b66441-0939-4f3e-be6a-c34aaf29d255/elements[39m
[35m[HTTP][39m [90m{"using":"xpath","value":"//*[@class = 'android.widget.ImageButton' and @resource-id = 'com.yoesuv.androidroom:id/text_input_error_icon' and (@text = '' or . = '')]"}[39m
[debug] [35m[W3C (91b66441)][39m Calling AppiumDriver.findElements() with args: ["xpath","//*[@class = 'android.widget.ImageButton' and @resource-id = 'com.yoesuv.androidroom:id/text_input_error_icon' and (@text = '' or . = '')]","91b66441-0939-4f3e-be6a-c34aaf29d255"]
[debug] [35m[BaseDriver][39m Valid locator strategies for this request: xpath, id, class name, accessibility id, css selector, -android uiautomator
[debug] [35m[BaseDriver][39m Waiting up to 60000 ms for condition
[debug] [35m[WD Proxy][39m Matched '/elements' to command name 'findElements'
[debug] [35m[WD Proxy][39m Proxying [POST /elements] to [POST http://127.0.0.1:58426/wd/hub/session/e20ee8e7-b682-4276-8509-c45c818e9539/elements] with body: {"strategy":"xpath","selector":"//*[@class = 'android.widget.ImageButton' and @resource-id = 'com.yoesuv.androidroom:id/text_input_error_icon' and (@text = '' or . = '')]","context":"","multiple":true}
[debug] [35m[WD Proxy][39m Got response with status 200: {"sessionId":"e20ee8e7-b682-4276-8509-c45c818e9539","value":[{"ELEMENT":"00000000-0000-0206-ffff-ffff00000031","element-6066-11e4-a52e-4f735466cecf":"00000000-0000-0206-ffff-ffff00000031"}]}
[debug] [35m[W3C (91b66441)][39m Responding to client with driver.findElements() result: [{"element-6066-11e4-a52e-4f735466cecf":"00000000-0000-0206-ffff-ffff00000031","ELEMENT":"00000000-0000-0206-ffff-ffff00000031"}]
[35m[HTTP][39m [37m<-- POST /wd/hub/session/91b66441-0939-4f3e-be6a-c34aaf29d255/elements [39m[32m200[39m [90m34 ms - 139[39m
[35m[HTTP][39m [90m[39m
[35m[HTTP][39m [37m-->[39m [37mPOST[39m [37m/wd/hub/session/91b66441-0939-4f3e-be6a-c34aaf29d255/elements[39m
[35m[HTTP][39m [90m{"using":"xpath","value":"//*[@class = 'android.widget.ImageButton' and @resource-id = 'com.yoesuv.androidroom:id/text_input_error_icon' and (@text = '' or . = '')]"}[39m
[debug] [35m[W3C (91b66441)][39m Calling AppiumDriver.findElements() with args: ["xpath","//*[@class = 'android.widget.ImageButton' and @resource-id = 'com.yoesuv.androidroom:id/text_input_error_icon' and (@text = '' or . = '')]","91b66441-0939-4f3e-be6a-c34aaf29d255"]
[debug] [35m[BaseDriver][39m Valid locator strategies for this request: xpath, id, class name, accessibility id, css selector, -android uiautomator
[debug] [35m[BaseDriver][39m Waiting up to 60000 ms for condition
[debug] [35m[WD Proxy][39m Matched '/elements' to command name 'findElements'
[debug] [35m[WD Proxy][39m Proxying [POST /elements] to [POST http://127.0.0.1:58426/wd/hub/session/e20ee8e7-b682-4276-8509-c45c818e9539/elements] with body: {"strategy":"xpath","selector":"//*[@class = 'android.widget.ImageButton' and @resource-id = 'com.yoesuv.androidroom:id/text_input_error_icon' and (@text = '' or . = '')]","context":"","multiple":true}
[debug] [35m[WD Proxy][39m Got response with status 200: {"sessionId":"e20ee8e7-b682-4276-8509-c45c818e9539","value":[{"ELEMENT":"00000000-0000-0206-ffff-ffff00000031","element-6066-11e4-a52e-4f735466cecf":"00000000-0000-0206-ffff-ffff00000031"}]}
[debug] [35m[W3C (91b66441)][39m Responding to client with driver.findElements() result: [{"element-6066-11e4-a52e-4f735466cecf":"00000000-0000-0206-ffff-ffff00000031","ELEMENT":"00000000-0000-0206-ffff-ffff00000031"}]
[35m[HTTP][39m [37m<-- POST /wd/hub/session/91b66441-0939-4f3e-be6a-c34aaf29d255/elements [39m[32m200[39m [90m34 ms - 139[39m
[35m[HTTP][39m [90m[39m
[35m[HTTP][39m [37m-->[39m [37mPOST[39m [37m/wd/hub/session/91b66441-0939-4f3e-be6a-c34aaf29d255/elements[39m
[35m[HTTP][39m [90m{"using":"xpath","value":"//*[@class = 'android.widget.ImageButton' and @resource-id = 'com.yoesuv.androidroom:id/text_input_error_icon' and (@text = '' or . = '')]"}[39m
[debug] [35m[W3C (91b66441)][39m Calling AppiumDriver.findElements() with args: ["xpath","//*[@class = 'android.widget.ImageButton' and @resource-id = 'com.yoesuv.androidroom:id/text_input_error_icon' and (@text = '' or . = '')]","91b66441-0939-4f3e-be6a-c34aaf29d255"]
[debug] [35m[BaseDriver][39m Valid locator strategies for this request: xpath, id, class name, accessibility id, css selector, -android uiautomator
[debug] [35m[BaseDriver][39m Waiting up to 60000 ms for condition
[debug] [35m[WD Proxy][39m Matched '/elements' to command name 'findElements'
[debug] [35m[WD Proxy][39m Proxying [POST /elements] to [POST http://127.0.0.1:58426/wd/hub/session/e20ee8e7-b682-4276-8509-c45c818e9539/elements] with body: {"strategy":"xpath","selector":"//*[@class = 'android.widget.ImageButton' and @resource-id = 'com.yoesuv.androidroom:id/text_input_error_icon' and (@text = '' or . = '')]","context":"","multiple":true}
[debug] [35m[WD Proxy][39m Got response with status 200: {"sessionId":"e20ee8e7-b682-4276-8509-c45c818e9539","value":[{"ELEMENT":"00000000-0000-0206-ffff-ffff00000031","element-6066-11e4-a52e-4f735466cecf":"00000000-0000-0206-ffff-ffff00000031"}]}
[debug] [35m[W3C (91b66441)][39m Responding to client with driver.findElements() result: [{"element-6066-11e4-a52e-4f735466cecf":"00000000-0000-0206-ffff-ffff00000031","ELEMENT":"00000000-0000-0206-ffff-ffff00000031"}]
[35m[HTTP][39m [37m<-- POST /wd/hub/session/91b66441-0939-4f3e-be6a-c34aaf29d255/elements [39m[32m200[39m [90m32 ms - 139[39m
[35m[HTTP][39m [90m[39m
[35m[HTTP][39m [37m-->[39m [37mGET[39m [37m/wd/hub/session/91b66441-0939-4f3e-be6a-c34aaf29d255/source[39m
[35m[HTTP][39m [90m{}[39m
[35m[W3C (91b66441)][39m Driver proxy active, passing request on via HTTP proxy
[debug] [35m[WD Proxy][39m Matched '/wd/hub/session/91b66441-0939-4f3e-be6a-c34aaf29d255/source' to command name 'getPageSource'
[debug] [35m[WD Proxy][39m Proxying [GET /wd/hub/session/91b66441-0939-4f3e-be6a-c34aaf29d255/source] to [GET http://127.0.0.1:58426/wd/hub/session/e20ee8e7-b682-4276-8509-c45c818e9539/source] with no body
[debug] [35m[WD Proxy][39m Got response with status 200: {"sessionId":"e20ee8e7-b682-4276-8509-c45c818e9539","value":"<?xml version='1.0' encoding='UTF-8' standalone='yes' ?>\r\n<hierarchy index=\"0\" class=\"hierarchy\" rotation=\"0\" width=\"1080\" height=\"2154\">\r\n  <android.widget.FrameLayout index=\"0\" package=\"com.yoesuv.androidroom\" class=\"android.widget.FrameLayout\" text=\"\" checkable=\"false\" checked=\"false\" clickable=\"false\" enabled=\"true\" focusable=\"false\" focused=\"false\" long-clickable=\"false\" password=\"false\" scrollable=\"false\" selected=\"false\" bounds=\"[27,516][1053,1703]\" displayed=\"true\">\r\n    <android.widget.LinearLayout index=\"0\" package=\"com.yoesuv.androidroom\" class=\"android.widget.LinearLayout\" text=\"\" checkable=\"false\" checked=\"false\" clickable=\"false\" enabled=\"true\" focusable=\"false\" focused=\"false\" long-clickable=\"false\" password=\"false\" scrollable=\"false\" selected=\"false\" bounds=\"[93,736][987,1483]\" displayed=\"true\">\r\n      <android.widget.FrameLayout index=\"0\" package=...
[35m[WD Proxy][39m Replacing sessionId e20ee8e7-b682-4276-8509-c45c818e9539 with 91b66441-0939-4f3e-be6a-c34aaf29d255
[35m[HTTP][39m [37m<-- GET /wd/hub/session/91b66441-0939-4f3e-be6a-c34aaf29d255/source [39m[32m200[39m [90m43 ms - 11129[39m
[35m[HTTP][39m [90m[39m
[35m[HTTP][39m [37m-->[39m [37mGET[39m [37m/wd/hub/session/91b66441-0939-4f3e-be6a-c34aaf29d255/screenshot[39m
[35m[HTTP][39m [90m{}[39m
[debug] [35m[W3C (91b66441)][39m Calling AppiumDriver.getScreenshot() with args: ["91b66441-0939-4f3e-be6a-c34aaf29d255"]
[debug] [35m[WD Proxy][39m Matched '/screenshot' to command name 'getScreenshot'
[debug] [35m[WD Proxy][39m Proxying [GET /screenshot] to [GET http://127.0.0.1:58426/wd/hub/session/e20ee8e7-b682-4276-8509-c45c818e9539/screenshot] with no body
[debug] [35m[WD Proxy][39m Got response with status 200: {"sessionId":"e20ee8e7-b682-4276-8509-c45c818e9539","value":"iVBORw0KGgoAAAANSUhEUgAABDgAAAisCAYAAACtR1KuAAAAAXNSR0IArs4c6QAAAARzQklUCAgI\nCHwIZIgAACAASURBVHic7N13eFRV/j/w9517p6V30kloCaGEDtKkqlhQsGDH+tWvrrvu4s/Vdde2\nurruunbXhq6uX1dxFcWCIl16k15DCIQA6T1T772/P4YMGWaSzCQzSSZ5v56H52HO3HvOGQns3vec\n8znCM1GTVRARERERERERBTFNZ0+AiIiIiIiIiKi9GHAQERERERERUdBjwEFEREREREREQY8BBxER\nEREREREFPQYcRERERERERBT0GHAQERERERERUdBjwEFEREREREREQY8BBxEREREREREFPQYcRERE\nRERERBT0GHAQERERERERUdBjwEFEREREREREQY8BBxEREREREREFPamzJ0DkQhAQnZmMcffPQ59p\noxGZnujyHlQVAKDYZZQdOo69n/+E3Z8sRUNFjfM9IiIiIiIi6nmEZ6Im86mQOpcgQNLrcMnfH8Sg\nq2dA1GshCILXt6uKAkttA9Y+9z62vvMlgw4iIiIiIqIeiAEHdSpB1GDep8+jz7TRgCD4FGycT1VV\nQFXxXMJ0qLLix1kS+ZEgQNRKjl96LQTN2Z2CqgpFVmA3W6HY7VDscufOk4iIiLo9Q1Q44gdmIiwx\nFqGxUTBEhcNcVYv68irUnSlH6YFjMFfVdvY0/S4yPRHVJ8509jQoALhFhTpN+vhc3LTkZWhE/5SC\nEQQBEATk3nQpdn70rV/6pMBLHjkQty9/y+f7VEVB3rJNWHzHU7CZzAGYmR8JAiSdFvrIUBgiwxHV\nOwkRKfGIzkyFNtQAwPF5zJW1KM8rRO3pMlQXnoG1tgGW2nqGHUREROQXScOykDFlJDImDkfC4H4I\n6xXT6j11xRUo2ZuHgp934Njq...
[debug] [35m[W3C (91b66441)][39m Responding to client with driver.getScreenshot() result: "iVBORw0KGgoAAAANSUhEUgAABDgAAAisCAYAAACtR1KuAAAAAXNSR0IArs4c6QAAAARzQklUCAgI\nCHwIZIgAACAASURBVHic7N13eFRV/j/w9517p6V30kloCaGEDtKkqlhQsGDH+tWvrrvu4s/Vdde2\nurruunbXhq6uX1dxFcWCIl16k15DCIQA6T1T772/P4YMGWaSzCQzSSZ5v56H52HO3HvOGQns3vec\n8znCM1GTVRARERERERERBTFNZ0+AiIiIiIiIiKi9GHAQERERERERUdBjwEFEREREREREQY8BBxER\nEREREREFPQYcRERERERERBT0GHAQERERERERUdBjwEFEREREREREQY8BBxEREREREREFPQYcRERE\nRERERBT0GHAQERERERERUdBjwEFEREREREREQY8BBxEREREREREFPamzJ0DkQhAQnZmMcffPQ59p\noxGZnujyHlQVAKDYZZQdOo69n/+E3Z8sRUNFjfM9IiIiIiIi6nmEZ6Im86mQOpcgQNLrcMnfH8Sg\nq2dA1GshCILXt6uKAkttA9Y+9z62vvMlgw4iIiIiIqIeiAEHdSpB1GDep8+jz7TRgCD4FGycT1VV\nQFXxXMJ0qLLix1kS+ZEgQNRKjl96LQTN2Z2CqgpFVmA3W6HY7VDscufOk4iIiLo9Q1Q44gdmIiwx\nFqGxUTBEhcNcVYv68irUnSlH6YFjMFfVdvY0/S4yPRHVJ8509jQoALhFhTpN+vhc3LTkZWhE/5SC\nEQQBEATk3nQpdn70rV/6pMBLHjkQty9/y+f7VEVB3rJNWHzHU7CZzAGYmR8JAiSdFvrIUBgiwxHV\nOwkRKfGIzkyFNtQAwPF5zJW1KM8rRO3pMlQXnoG1tgGW2nqGHUREROQXScOykDFlJDImDkfC4H4I\n6xXT6j11xRUo2ZuHgp934Njq7Tiz63AHzDRwRt09F9F9UvDTo6919lQoALiCgzqeIODSlxZg2K2X\nt2vFRn...
[35m[HTTP][39m [37m<-- GET /wd/hub/session/91b66441-0939-4f3e-be6a-c34aaf29d255/screenshot [39m[32m200[39m [90m203 ms - 124480[39m
[35m[HTTP][39m [90m[39m
[35m[HTTP][39m [37m-->[39m [37mPOST[39m [37m/wd/hub/session/91b66441-0939-4f3e-be6a-c34aaf29d255/elements[39m
[35m[HTTP][39m [90m{"using":"xpath","value":"//*[@class = 'android.widget.TextView' and (@text = 'Title is Empty' or . = 'Title is Empty') and @resource-id = 'com.yoesuv.androidroom:id/textinput_error']"}[39m
[debug] [35m[W3C (91b66441)][39m Calling AppiumDriver.findElements() with args: ["xpath","//*[@class = 'android.widget.TextView' and (@text = 'Title is Empty' or . = 'Title is Empty') and @resource-id = 'com.yoesuv.androidroom:id/textinput_error']","91b66441-0939-4f3e-be6a-c34aaf29d255"]
[debug] [35m[BaseDriver][39m Valid locator strategies for this request: xpath, id, class name, accessibility id, css selector, -android uiautomator
[debug] [35m[BaseDriver][39m Waiting up to 60000 ms for condition
[debug] [35m[WD Proxy][39m Matched '/elements' to command name 'findElements'
[debug] [35m[WD Proxy][39m Proxying [POST /elements] to [POST http://127.0.0.1:58426/wd/hub/session/e20ee8e7-b682-4276-8509-c45c818e9539/elements] with body: {"strategy":"xpath","selector":"//*[@class = 'android.widget.TextView' and (@text = 'Title is Empty' or . = 'Title is Empty') and @resource-id = 'com.yoesuv.androidroom:id/textinput_error']","context":"","multiple":true}
[debug] [35m[WD Proxy][39m Got response with status 200: {"sessionId":"e20ee8e7-b682-4276-8509-c45c818e9539","value":[{"ELEMENT":"00000000-0000-0206-ffff-ffff0000004a","element-6066-11e4-a52e-4f735466cecf":"00000000-0000-0206-ffff-ffff0000004a"}]}
[debug] [35m[W3C (91b66441)][39m Responding to client with driver.findElements() result: [{"element-6066-11e4-a52e-4f735466cecf":"00000000-0000-0206-ffff-ffff0000004a","ELEMENT":"00000000-0000-0206-ffff-ffff0000004a"}]
[35m[HTTP][39m [37m<-- POST /wd/hub/session/91b66441-0939-4f3e-be6a-c34aaf29d255/elements [39m[32m200[39m [90m33 ms - 139[39m
[35m[HTTP][39m [90m[39m
[35m[HTTP][39m [37m-->[39m [37mPOST[39m [37m/wd/hub/session/91b66441-0939-4f3e-be6a-c34aaf29d255/elements[39m
[35m[HTTP][39m [90m{"using":"xpath","value":"//*[@class = 'android.widget.TextView' and (@text = 'Title is Empty' or . = 'Title is Empty') and @resource-id = 'com.yoesuv.androidroom:id/textinput_error']"}[39m
[debug] [35m[W3C (91b66441)][39m Calling AppiumDriver.findElements() with args: ["xpath","//*[@class = 'android.widget.TextView' and (@text = 'Title is Empty' or . = 'Title is Empty') and @resource-id = 'com.yoesuv.androidroom:id/textinput_error']","91b66441-0939-4f3e-be6a-c34aaf29d255"]
[debug] [35m[BaseDriver][39m Valid locator strategies for this request: xpath, id, class name, accessibility id, css selector, -android uiautomator
[debug] [35m[BaseDriver][39m Waiting up to 60000 ms for condition
[debug] [35m[WD Proxy][39m Matched '/elements' to command name 'findElements'
[debug] [35m[WD Proxy][39m Proxying [POST /elements] to [POST http://127.0.0.1:58426/wd/hub/session/e20ee8e7-b682-4276-8509-c45c818e9539/elements] with body: {"strategy":"xpath","selector":"//*[@class = 'android.widget.TextView' and (@text = 'Title is Empty' or . = 'Title is Empty') and @resource-id = 'com.yoesuv.androidroom:id/textinput_error']","context":"","multiple":true}
[debug] [35m[WD Proxy][39m Got response with status 200: {"sessionId":"e20ee8e7-b682-4276-8509-c45c818e9539","value":[{"ELEMENT":"00000000-0000-0206-ffff-ffff0000004a","element-6066-11e4-a52e-4f735466cecf":"00000000-0000-0206-ffff-ffff0000004a"}]}
[debug] [35m[W3C (91b66441)][39m Responding to client with driver.findElements() result: [{"element-6066-11e4-a52e-4f735466cecf":"00000000-0000-0206-ffff-ffff0000004a","ELEMENT":"00000000-0000-0206-ffff-ffff0000004a"}]
[35m[HTTP][39m [37m<-- POST /wd/hub/session/91b66441-0939-4f3e-be6a-c34aaf29d255/elements [39m[32m200[39m [90m34 ms - 139[39m
[35m[HTTP][39m [90m[39m
[35m[HTTP][39m [37m-->[39m [37mGET[39m [37m/wd/hub/session/91b66441-0939-4f3e-be6a-c34aaf29d255/window/rect[39m
[35m[HTTP][39m [90m{}[39m
[debug] [35m[W3C (91b66441)][39m Calling AppiumDriver.getWindowRect() with args: ["91b66441-0939-4f3e-be6a-c34aaf29d255"]
[debug] [35m[WD Proxy][39m Matched '/window/current/size' to command name 'getWindowSize'
[debug] [35m[WD Proxy][39m Proxying [GET /window/current/size] to [GET http://127.0.0.1:58426/wd/hub/session/e20ee8e7-b682-4276-8509-c45c818e9539/window/current/size] with no body
[debug] [35m[WD Proxy][39m Got response with status 200: {"sessionId":"e20ee8e7-b682-4276-8509-c45c818e9539","value":{"height":2154,"width":1080}}
[debug] [35m[W3C (91b66441)][39m Responding to client with driver.getWindowRect() result: {"width":1080,"height":2154,"x":0,"y":0}
[35m[HTTP][39m [37m<-- GET /wd/hub/session/91b66441-0939-4f3e-be6a-c34aaf29d255/window/rect [39m[32m200[39m [90m9 ms - 50[39m
[35m[HTTP][39m [90m[39m
[35m[HTTP][39m [37m-->[39m [37mPOST[39m [37m/wd/hub/session/91b66441-0939-4f3e-be6a-c34aaf29d255/elements[39m
[35m[HTTP][39m [90m{"using":"xpath","value":"//*[@class = 'android.widget.TextView' and (@text = 'Title is Empty' or . = 'Title is Empty') and @resource-id = 'com.yoesuv.androidroom:id/textinput_error']"}[39m
[debug] [35m[W3C (91b66441)][39m Calling AppiumDriver.findElements() with args: ["xpath","//*[@class = 'android.widget.TextView' and (@text = 'Title is Empty' or . = 'Title is Empty') and @resource-id = 'com.yoesuv.androidroom:id/textinput_error']","91b66441-0939-4f3e-be6a-c34aaf29d255"]
[debug] [35m[BaseDriver][39m Valid locator strategies for this request: xpath, id, class name, accessibility id, css selector, -android uiautomator
[debug] [35m[BaseDriver][39m Waiting up to 60000 ms for condition
[debug] [35m[WD Proxy][39m Matched '/elements' to command name 'findElements'
[debug] [35m[WD Proxy][39m Proxying [POST /elements] to [POST http://127.0.0.1:58426/wd/hub/session/e20ee8e7-b682-4276-8509-c45c818e9539/elements] with body: {"strategy":"xpath","selector":"//*[@class = 'android.widget.TextView' and (@text = 'Title is Empty' or . = 'Title is Empty') and @resource-id = 'com.yoesuv.androidroom:id/textinput_error']","context":"","multiple":true}
[debug] [35m[WD Proxy][39m Got response with status 200: {"sessionId":"e20ee8e7-b682-4276-8509-c45c818e9539","value":[{"ELEMENT":"00000000-0000-0206-ffff-ffff0000004a","element-6066-11e4-a52e-4f735466cecf":"00000000-0000-0206-ffff-ffff0000004a"}]}
[debug] [35m[W3C (91b66441)][39m Responding to client with driver.findElements() result: [{"element-6066-11e4-a52e-4f735466cecf":"00000000-0000-0206-ffff-ffff0000004a","ELEMENT":"00000000-0000-0206-ffff-ffff0000004a"}]
[35m[HTTP][39m [37m<-- POST /wd/hub/session/91b66441-0939-4f3e-be6a-c34aaf29d255/elements [39m[32m200[39m [90m34 ms - 139[39m
[35m[HTTP][39m [90m[39m
[35m[HTTP][39m [37m-->[39m [37mGET[39m [37m/wd/hub/session/91b66441-0939-4f3e-be6a-c34aaf29d255/element/00000000-0000-0206-ffff-ffff0000004a/location[39m
[35m[HTTP][39m [90m{}[39m
[35m[W3C (91b66441)][39m Driver proxy active, passing request on via HTTP proxy
[debug] [35m[WD Proxy][39m Matched '/wd/hub/session/91b66441-0939-4f3e-be6a-c34aaf29d255/element/00000000-0000-0206-ffff-ffff0000004a/location' to command name 'getLocation'
[debug] [35m[WD Proxy][39m Proxying [GET /wd/hub/session/91b66441-0939-4f3e-be6a-c34aaf29d255/element/00000000-0000-0206-ffff-ffff0000004a/location] to [GET http://127.0.0.1:58426/wd/hub/session/e20ee8e7-b682-4276-8509-c45c818e9539/element/00000000-0000-0206-ffff-ffff0000004a/location] with no body
[debug] [35m[WD Proxy][39m Got response with status 200: {"sessionId":"e20ee8e7-b682-4276-8509-c45c818e9539","value":{"x":137,"y":1115}}
[35m[WD Proxy][39m Replacing sessionId e20ee8e7-b682-4276-8509-c45c818e9539 with 91b66441-0939-4f3e-be6a-c34aaf29d255
[35m[HTTP][39m [37m<-- GET /wd/hub/session/91b66441-0939-4f3e-be6a-c34aaf29d255/element/00000000-0000-0206-ffff-ffff0000004a/location [39m[32m200[39m [90m14 ms - 79[39m
[35m[HTTP][39m [90m[39m
[35m[HTTP][39m [37m-->[39m [37mGET[39m [37m/wd/hub/session/91b66441-0939-4f3e-be6a-c34aaf29d255/element/00000000-0000-0206-ffff-ffff0000004a/text[39m
[35m[HTTP][39m [90m{}[39m
[35m[W3C (91b66441)][39m Driver proxy active, passing request on via HTTP proxy
[debug] [35m[WD Proxy][39m Matched '/wd/hub/session/91b66441-0939-4f3e-be6a-c34aaf29d255/element/00000000-0000-0206-ffff-ffff0000004a/text' to command name 'getText'
[debug] [35m[WD Proxy][39m Proxying [GET /wd/hub/session/91b66441-0939-4f3e-be6a-c34aaf29d255/element/00000000-0000-0206-ffff-ffff0000004a/text] to [GET http://127.0.0.1:58426/wd/hub/session/e20ee8e7-b682-4276-8509-c45c818e9539/element/00000000-0000-0206-ffff-ffff0000004a/text] with no body
[debug] [35m[WD Proxy][39m Got response with status 200: {"sessionId":"e20ee8e7-b682-4276-8509-c45c818e9539","value":"Title is Empty"}
[35m[WD Proxy][39m Replacing sessionId e20ee8e7-b682-4276-8509-c45c818e9539 with 91b66441-0939-4f3e-be6a-c34aaf29d255
[35m[HTTP][39m [37m<-- GET /wd/hub/session/91b66441-0939-4f3e-be6a-c34aaf29d255/element/00000000-0000-0206-ffff-ffff0000004a/text [39m[32m200[39m [90m16 ms - 77[39m
[35m[HTTP][39m [90m[39m
[35m[HTTP][39m [37m-->[39m [37mGET[39m [37m/wd/hub/session/91b66441-0939-4f3e-be6a-c34aaf29d255/source[39m
[35m[HTTP][39m [90m{}[39m
[35m[W3C (91b66441)][39m Driver proxy active, passing request on via HTTP proxy
[debug] [35m[WD Proxy][39m Matched '/wd/hub/session/91b66441-0939-4f3e-be6a-c34aaf29d255/source' to command name 'getPageSource'
[debug] [35m[WD Proxy][39m Proxying [GET /wd/hub/session/91b66441-0939-4f3e-be6a-c34aaf29d255/source] to [GET http://127.0.0.1:58426/wd/hub/session/e20ee8e7-b682-4276-8509-c45c818e9539/source] with no body
[debug] [35m[WD Proxy][39m Got response with status 200: {"sessionId":"e20ee8e7-b682-4276-8509-c45c818e9539","value":"<?xml version='1.0' encoding='UTF-8' standalone='yes' ?>\r\n<hierarchy index=\"0\" class=\"hierarchy\" rotation=\"0\" width=\"1080\" height=\"2154\">\r\n  <android.widget.FrameLayout index=\"0\" package=\"com.yoesuv.androidroom\" class=\"android.widget.FrameLayout\" text=\"\" checkable=\"false\" checked=\"false\" clickable=\"false\" enabled=\"true\" focusable=\"false\" focused=\"false\" long-clickable=\"false\" password=\"false\" scrollable=\"false\" selected=\"false\" bounds=\"[27,516][1053,1703]\" displayed=\"true\">\r\n    <android.widget.LinearLayout index=\"0\" package=\"com.yoesuv.androidroom\" class=\"android.widget.LinearLayout\" text=\"\" checkable=\"false\" checked=\"false\" clickable=\"false\" enabled=\"true\" focusable=\"false\" focused=\"false\" long-clickable=\"false\" password=\"false\" scrollable=\"false\" selected=\"false\" bounds=\"[93,736][987,1483]\" displayed=\"true\">\r\n      <android.widget.FrameLayout index=\"0\" package=...
[35m[WD Proxy][39m Replacing sessionId e20ee8e7-b682-4276-8509-c45c818e9539 with 91b66441-0939-4f3e-be6a-c34aaf29d255
[35m[HTTP][39m [37m<-- GET /wd/hub/session/91b66441-0939-4f3e-be6a-c34aaf29d255/source [39m[32m200[39m [90m41 ms - 11129[39m
[35m[HTTP][39m [90m[39m
[35m[HTTP][39m [37m-->[39m [37mGET[39m [37m/wd/hub/session/91b66441-0939-4f3e-be6a-c34aaf29d255/screenshot[39m
[35m[HTTP][39m [90m{}[39m
[debug] [35m[W3C (91b66441)][39m Calling AppiumDriver.getScreenshot() with args: ["91b66441-0939-4f3e-be6a-c34aaf29d255"]
[debug] [35m[WD Proxy][39m Matched '/screenshot' to command name 'getScreenshot'
[debug] [35m[WD Proxy][39m Proxying [GET /screenshot] to [GET http://127.0.0.1:58426/wd/hub/session/e20ee8e7-b682-4276-8509-c45c818e9539/screenshot] with no body
[debug] [35m[WD Proxy][39m Got response with status 200: {"sessionId":"e20ee8e7-b682-4276-8509-c45c818e9539","value":"iVBORw0KGgoAAAANSUhEUgAABDgAAAisCAYAAACtR1KuAAAAAXNSR0IArs4c6QAAAARzQklUCAgI\nCHwIZIgAACAASURBVHic7N13eFRV/j/w9517p6V30kloCaGEDtKkqlhQsGDH+tWvrrvu4s/Vdde2\nurruunbXhq6uX1dxFcWCIl16k15DCIQA6T1T772/P4YMGWaSzCQzSSZ5v56H52HO3HvOGQns3vec\n8znCM1GTVRARERERERERBTFNZ0+AiIiIiIiIiKi9GHAQERERERERUdBjwEFEREREREREQY8BBxER\nEREREREFPQYcRERERERERBT0GHAQERERERERUdBjwEFEREREREREQY8BBxEREREREREFPQYcRERE\nRERERBT0GHAQERERERERUdBjwEFEREREREREQY8BBxEREREREREFPamzJ0DkQhAQnZmMcffPQ59p\noxGZnujyHlQVAKDYZZQdOo69n/+E3Z8sRUNFjfM9IiIiIiIi6nmEZ6Im86mQOpcgQNLrcMnfH8Sg\nq2dA1GshCILXt6uKAkttA9Y+9z62vvMlgw4iIiIiIqIeiAEHdSpB1GDep8+jz7TRgCD4FGycT1VV\nQFXxXMJ0qLLix1kS+ZEgQNRKjl96LQTN2Z2CqgpFVmA3W6HY7VDscufOk4iIiLo9Q1Q44gdmIiwx\nFqGxUTBEhcNcVYv68irUnSlH6YFjMFfVdvY0/S4yPRHVJ8509jQoALhFhTpN+vhc3LTkZWhE/5SC\nEQQBEATk3nQpdn70rV/6pMBLHjkQty9/y+f7VEVB3rJNWHzHU7CZzAGYmR8JAiSdFvrIUBgiwxHV\nOwkRKfGIzkyFNtQAwPF5zJW1KM8rRO3pMlQXnoG1tgGW2nqGHUREROQXScOykDFlJDImDkfC4H4I\n6xXT6j11xRUo2ZuHgp934Njq...
[debug] [35m[W3C (91b66441)][39m Responding to client with driver.getScreenshot() result: "iVBORw0KGgoAAAANSUhEUgAABDgAAAisCAYAAACtR1KuAAAAAXNSR0IArs4c6QAAAARzQklUCAgI\nCHwIZIgAACAASURBVHic7N13eFRV/j/w9517p6V30kloCaGEDtKkqlhQsGDH+tWvrrvu4s/Vdde2\nurruunbXhq6uX1dxFcWCIl16k15DCIQA6T1T772/P4YMGWaSzCQzSSZ5v56H52HO3HvOGQns3vec\n8znCM1GTVRARERERERERBTFNZ0+AiIiIiIiIiKi9GHAQERERERERUdBjwEFEREREREREQY8BBxER\nEREREREFPQYcRERERERERBT0GHAQERERERERUdBjwEFEREREREREQY8BBxEREREREREFPQYcRERE\nRERERBT0GHAQERERERERUdBjwEFEREREREREQY8BBxEREREREREFPamzJ0DkQhAQnZmMcffPQ59p\noxGZnujyHlQVAKDYZZQdOo69n/+E3Z8sRUNFjfM9IiIiIiIi6nmEZ6Im86mQOpcgQNLrcMnfH8Sg\nq2dA1GshCILXt6uKAkttA9Y+9z62vvMlgw4iIiIiIqIeiAEHdSpB1GDep8+jz7TRgCD4FGycT1VV\nQFXxXMJ0qLLix1kS+ZEgQNRKjl96LQTN2Z2CqgpFVmA3W6HY7VDscufOk4iIiLo9Q1Q44gdmIiwx\nFqGxUTBEhcNcVYv68irUnSlH6YFjMFfVdvY0/S4yPRHVJ8509jQoALhFhTpN+vhc3LTkZWhE/5SC\nEQQBEATk3nQpdn70rV/6pMBLHjkQty9/y+f7VEVB3rJNWHzHU7CZzAGYmR8JAiSdFvrIUBgiwxHV\nOwkRKfGIzkyFNtQAwPF5zJW1KM8rRO3pMlQXnoG1tgGW2nqGHUREROQXScOykDFlJDImDkfC4H4I\n6xXT6j11xRUo2ZuHgp934Njq7Tiz63AHzDRwRt09F9F9UvDTo6919lQoALiCgzqeIODSlxZg2K2X\nt2vFRn...
[35m[HTTP][39m [37m<-- GET /wd/hub/session/91b66441-0939-4f3e-be6a-c34aaf29d255/screenshot [39m[32m200[39m [90m198 ms - 124480[39m
[35m[HTTP][39m [90m[39m
[35m[HTTP][39m [37m-->[39m [37mDELETE[39m [37m/wd/hub/session/91b66441-0939-4f3e-be6a-c34aaf29d255[39m
[35m[HTTP][39m [90m{}[39m
[debug] [35m[W3C (91b66441)][39m Calling AppiumDriver.deleteSession() with args: ["91b66441-0939-4f3e-be6a-c34aaf29d255"]
[debug] [35m[BaseDriver][39m Event 'quitSessionRequested' logged at 1704268980050 (15:03:00 GMT+0700 (Indochina Time))
[35m[Appium][39m Removing session 91b66441-0939-4f3e-be6a-c34aaf29d255 from our master session list
[debug] [35m[UiAutomator2][39m Deleting UiAutomator2 session
[debug] [35m[UiAutomator2][39m Deleting UiAutomator2 server session
[debug] [35m[WD Proxy][39m Matched '/' to command name 'deleteSession'
[debug] [35m[WD Proxy][39m Proxying [DELETE /] to [DELETE http://127.0.0.1:58426/wd/hub/session/e20ee8e7-b682-4276-8509-c45c818e9539] with no body
[debug] [35m[WD Proxy][39m Got response with status 200: {"sessionId":"e20ee8e7-b682-4276-8509-c45c818e9539","value":null}
[debug] [35m[ADB][39m Running 'C:\Users\LENOVO\.katalon\tools\android_sdk\platform-tools\adb.exe -P 5037 -s emulator-5554 shell am force-stop com.yoesuv.androidroom'
[debug] [35m[Logcat][39m Stopping logcat capture
[debug] [35m[ADB][39m Removing forwarded port socket connection: 58426 
[debug] [35m[ADB][39m Running 'C:\Users\LENOVO\.katalon\tools\android_sdk\platform-tools\adb.exe -P 5037 -s emulator-5554 forward --remove tcp:58426'
[35m[UiAutomator2][39m Restoring hidden api policy to the device default configuration
[debug] [35m[ADB][39m Running 'C:\Users\LENOVO\.katalon\tools\android_sdk\platform-tools\adb.exe -P 5037 -s emulator-5554 shell 'settings delete global hidden_api_policy_pre_p_apps;settings delete global hidden_api_policy_p_apps;settings delete global hidden_api_policy''
[debug] [35m[BaseDriver][39m Event 'quitSessionFinished' logged at 1704268980319 (15:03:00 GMT+0700 (Indochina Time))
[debug] [35m[W3C (91b66441)][39m Received response: null
[debug] [35m[W3C (91b66441)][39m But deleting session, so not returning
[debug] [35m[W3C (91b66441)][39m Responding to client with driver.deleteSession() result: null
[35m[HTTP][39m [37m<-- DELETE /wd/hub/session/91b66441-0939-4f3e-be6a-c34aaf29d255 [39m[32m200[39m [90m270 ms - 14[39m
[35m[HTTP][39m [90m[39m
